2026-04-24 15:23:44,475 | INFO | Using device: cpu
2026-04-24 15:23:44,475 | INFO | Creating 5 Dirichlet-based client partitions | dataset=ylecun/mnist alpha=0.5 partition_by=label min_partition_size=10 self_balancing=True seed=42
2026-04-24 15:23:45,142 | INFO | HTTP Request: HEAD https://huggingface.co/datasets/ylecun/mnist/resolve/main/README.md "HTTP/1.1 307 Temporary Redirect"
2026-04-24 15:23:45,146 | WARNING | Warning: You are sending unauthenticated requests to the HF Hub. Please set a HF_TOKEN to enable higher rate limits and faster downloads.
2026-04-24 15:23:45,175 | INFO | HTTP Request: HEAD https://huggingface.co/api/resolve-cache/datasets/ylecun/mnist/77f3279092a1c1579b2250db8eafed0ad422088c/README.md "HTTP/1.1 200 OK"
2026-04-24 15:23:45,466 | INFO | HTTP Request: HEAD https://huggingface.co/datasets/ylecun/mnist/resolve/77f3279092a1c1579b2250db8eafed0ad422088c/mnist.py "HTTP/1.1 404 Not Found"
2026-04-24 15:23:46,436 | INFO | HTTP Request: HEAD https://s3.amazonaws.com/datasets.huggingface.co/datasets/datasets/ylecun/mnist/ylecun/mnist.py "HTTP/1.1 404 Not Found"
2026-04-24 15:23:46,750 | INFO | HTTP Request: GET https://huggingface.co/api/datasets/ylecun/mnist/revision/77f3279092a1c1579b2250db8eafed0ad422088c "HTTP/1.1 200 OK"
2026-04-24 15:23:47,055 | INFO | HTTP Request: HEAD https://huggingface.co/datasets/ylecun/mnist/resolve/77f3279092a1c1579b2250db8eafed0ad422088c/.huggingface.yaml "HTTP/1.1 404 Not Found"
2026-04-24 15:23:47,526 | INFO | HTTP Request: GET https://datasets-server.huggingface.co/info?dataset=ylecun/mnist "HTTP/1.1 200 OK"
2026-04-24 15:23:47,850 | INFO | HTTP Request: GET https://huggingface.co/api/datasets/ylecun/mnist/tree/77f3279092a1c1579b2250db8eafed0ad422088c/mnist?recursive=true&expand=false "HTTP/1.1 200 OK"
2026-04-24 15:23:48,150 | INFO | HTTP Request: GET https://huggingface.co/api/datasets/ylecun/mnist/tree/77f3279092a1c1579b2250db8eafed0ad422088c?recursive=false&expand=false "HTTP/1.1 200 OK"
2026-04-24 15:23:48,457 | INFO | HTTP Request: HEAD https://huggingface.co/datasets/ylecun/mnist/resolve/77f3279092a1c1579b2250db8eafed0ad422088c/dataset_infos.json "HTTP/1.1 404 Not Found"
2026-04-24 15:23:56,068 | INFO | Client 0 | samples=16718 | labels=[0, 1, 2, 3, 4, 5, 6, 7, 8]
2026-04-24 15:24:00,342 | INFO | Client 1 | samples=12711 | labels=[0, 1, 2, 3, 4, 5, 6, 7, 8, 9]
2026-04-24 15:24:03,224 | INFO | Client 2 | samples=7888 | labels=[0, 1, 2, 3, 4, 5, 6, 7, 8, 9]
2026-04-24 15:24:08,012 | INFO | Client 3 | samples=13423 | labels=[0, 1, 2, 3, 4, 5, 6]
2026-04-24 15:24:11,313 | INFO | Client 4 | samples=9260 | labels=[0, 1, 2, 3, 4, 5, 6, 7, 8, 9]
2026-04-24 15:24:13,825 | INFO | Created 5 non-IID client loaders using DirichletPartitioner
2026-04-24 15:24:13,915 | INFO | SmallCNN model initialized | input_channels=1 input_size=(28, 28) conv1_channels=16 conv2_channels=32 hidden_dim=128 num_classes=10 flattened_dim=1568
2026-04-24 15:24:13,917 | INFO | [client_0] initialized | model=smallcnn learning_rate=0.001 weight_dtype=float32
2026-04-24 15:24:13,917 | INFO | [client_0] gossip node initialized | weight_dtype=float32 learning_rate=0.001 model=smallcnn
2026-04-24 15:24:13,920 | INFO | SmallCNN model initialized | input_channels=1 input_size=(28, 28) conv1_channels=16 conv2_channels=32 hidden_dim=128 num_classes=10 flattened_dim=1568
2026-04-24 15:24:13,920 | INFO | [client_1] initialized | model=smallcnn learning_rate=0.001 weight_dtype=float32
2026-04-24 15:24:13,921 | INFO | [client_1] gossip node initialized | weight_dtype=float32 learning_rate=0.001 model=smallcnn
2026-04-24 15:24:13,923 | INFO | SmallCNN model initialized | input_channels=1 input_size=(28, 28) conv1_channels=16 conv2_channels=32 hidden_dim=128 num_classes=10 flattened_dim=1568
2026-04-24 15:24:13,923 | INFO | [client_2] initialized | model=smallcnn learning_rate=0.001 weight_dtype=float32
2026-04-24 15:24:13,924 | INFO | [client_2] gossip node initialized | weight_dtype=float32 learning_rate=0.001 model=smallcnn
2026-04-24 15:24:13,925 | INFO | SmallCNN model initialized | input_channels=1 input_size=(28, 28) conv1_channels=16 conv2_channels=32 hidden_dim=128 num_classes=10 flattened_dim=1568
2026-04-24 15:24:13,926 | INFO | [client_3] initialized | model=smallcnn learning_rate=0.001 weight_dtype=float32
2026-04-24 15:24:13,926 | INFO | [client_3] gossip node initialized | weight_dtype=float32 learning_rate=0.001 model=smallcnn
2026-04-24 15:24:13,929 | INFO | SmallCNN model initialized | input_channels=1 input_size=(28, 28) conv1_channels=16 conv2_channels=32 hidden_dim=128 num_classes=10 flattened_dim=1568
2026-04-24 15:24:13,929 | INFO | [client_4] initialized | model=smallcnn learning_rate=0.001 weight_dtype=float32
2026-04-24 15:24:13,929 | INFO | [client_4] gossip node initialized | weight_dtype=float32 learning_rate=0.001 model=smallcnn
2026-04-24 15:26:00,767 | INFO | Using device: cpu
2026-04-24 15:26:00,767 | INFO | Creating 5 Dirichlet-based client partitions | dataset=ylecun/mnist alpha=0.5 partition_by=label min_partition_size=10 self_balancing=True seed=42
2026-04-24 15:26:01,326 | INFO | HTTP Request: HEAD https://huggingface.co/datasets/ylecun/mnist/resolve/main/README.md "HTTP/1.1 307 Temporary Redirect"
2026-04-24 15:26:01,360 | INFO | HTTP Request: HEAD https://huggingface.co/api/resolve-cache/datasets/ylecun/mnist/77f3279092a1c1579b2250db8eafed0ad422088c/README.md "HTTP/1.1 200 OK"
2026-04-24 15:26:01,648 | INFO | HTTP Request: HEAD https://huggingface.co/datasets/ylecun/mnist/resolve/77f3279092a1c1579b2250db8eafed0ad422088c/mnist.py "HTTP/1.1 404 Not Found"
2026-04-24 15:26:01,648 | WARNING | Warning: You are sending unauthenticated requests to the HF Hub. Please set a HF_TOKEN to enable higher rate limits and faster downloads.
2026-04-24 15:26:02,640 | INFO | HTTP Request: HEAD https://s3.amazonaws.com/datasets.huggingface.co/datasets/datasets/ylecun/mnist/ylecun/mnist.py "HTTP/1.1 404 Not Found"
2026-04-24 15:26:02,935 | INFO | HTTP Request: GET https://huggingface.co/api/datasets/ylecun/mnist/revision/77f3279092a1c1579b2250db8eafed0ad422088c "HTTP/1.1 200 OK"
2026-04-24 15:26:03,227 | INFO | HTTP Request: HEAD https://huggingface.co/datasets/ylecun/mnist/resolve/77f3279092a1c1579b2250db8eafed0ad422088c/.huggingface.yaml "HTTP/1.1 404 Not Found"
2026-04-24 15:26:03,616 | INFO | HTTP Request: GET https://datasets-server.huggingface.co/info?dataset=ylecun/mnist "HTTP/1.1 200 OK"
2026-04-24 15:26:03,936 | INFO | HTTP Request: GET https://huggingface.co/api/datasets/ylecun/mnist/tree/77f3279092a1c1579b2250db8eafed0ad422088c/mnist?recursive=true&expand=false "HTTP/1.1 200 OK"
2026-04-24 15:26:04,252 | INFO | HTTP Request: GET https://huggingface.co/api/datasets/ylecun/mnist/tree/77f3279092a1c1579b2250db8eafed0ad422088c?recursive=false&expand=false "HTTP/1.1 200 OK"
2026-04-24 15:26:04,537 | INFO | HTTP Request: HEAD https://huggingface.co/datasets/ylecun/mnist/resolve/77f3279092a1c1579b2250db8eafed0ad422088c/dataset_infos.json "HTTP/1.1 404 Not Found"
2026-04-24 15:26:11,684 | INFO | Client 0 | samples=16718 | labels=[0, 1, 2, 3, 4, 5, 6, 7, 8]
2026-04-24 15:26:15,840 | INFO | Client 1 | samples=12711 | labels=[0, 1, 2, 3, 4, 5, 6, 7, 8, 9]
2026-04-24 15:26:18,586 | INFO | Client 2 | samples=7888 | labels=[0, 1, 2, 3, 4, 5, 6, 7, 8, 9]
2026-04-24 15:26:23,447 | INFO | Client 3 | samples=13423 | labels=[0, 1, 2, 3, 4, 5, 6]
2026-04-24 15:26:26,744 | INFO | Client 4 | samples=9260 | labels=[0, 1, 2, 3, 4, 5, 6, 7, 8, 9]
2026-04-24 15:26:29,266 | INFO | Created 5 non-IID client loaders using DirichletPartitioner
2026-04-24 15:26:29,285 | INFO | SmallCNN model initialized | input_channels=1 input_size=(28, 28) conv1_channels=16 conv2_channels=32 hidden_dim=128 num_classes=10 flattened_dim=1568
2026-04-24 15:26:29,285 | INFO | [client_0] initialized | model=smallcnn learning_rate=0.001 weight_dtype=float32
2026-04-24 15:26:29,285 | INFO | [client_0] gossip node initialized | weight_dtype=float32 learning_rate=0.001 model=smallcnn
2026-04-24 15:26:29,288 | INFO | SmallCNN model initialized | input_channels=1 input_size=(28, 28) conv1_channels=16 conv2_channels=32 hidden_dim=128 num_classes=10 flattened_dim=1568
2026-04-24 15:26:29,289 | INFO | [client_1] initialized | model=smallcnn learning_rate=0.001 weight_dtype=float32
2026-04-24 15:26:29,289 | INFO | [client_1] gossip node initialized | weight_dtype=float32 learning_rate=0.001 model=smallcnn
2026-04-24 15:26:29,290 | INFO | SmallCNN model initialized | input_channels=1 input_size=(28, 28) conv1_channels=16 conv2_channels=32 hidden_dim=128 num_classes=10 flattened_dim=1568
2026-04-24 15:26:29,292 | INFO | [client_2] initialized | model=smallcnn learning_rate=0.001 weight_dtype=float32
2026-04-24 15:26:29,292 | INFO | [client_2] gossip node initialized | weight_dtype=float32 learning_rate=0.001 model=smallcnn
2026-04-24 15:26:29,296 | INFO | SmallCNN model initialized | input_channels=1 input_size=(28, 28) conv1_channels=16 conv2_channels=32 hidden_dim=128 num_classes=10 flattened_dim=1568
2026-04-24 15:26:29,297 | INFO | [client_3] initialized | model=smallcnn learning_rate=0.001 weight_dtype=float32
2026-04-24 15:26:29,297 | INFO | [client_3] gossip node initialized | weight_dtype=float32 learning_rate=0.001 model=smallcnn
2026-04-24 15:26:29,299 | INFO | SmallCNN model initialized | input_channels=1 input_size=(28, 28) conv1_channels=16 conv2_channels=32 hidden_dim=128 num_classes=10 flattened_dim=1568
2026-04-24 15:26:29,300 | INFO | [client_4] initialized | model=smallcnn learning_rate=0.001 weight_dtype=float32
2026-04-24 15:26:29,300 | INFO | [client_4] gossip node initialized | weight_dtype=float32 learning_rate=0.001 model=smallcnn
2026-04-24 15:26:29,303 | INFO | Initial model taken from client_1 and synced to all nodes
2026-04-24 15:26:29,303 | INFO | ============================================================
2026-04-24 15:26:29,303 | INFO | Round 1/3
2026-04-24 15:26:29,303 | INFO | ============================================================
2026-04-24 15:26:29,303 | INFO | [client_0] cleared round submissions
2026-04-24 15:26:29,303 | INFO | [client_1] cleared round submissions
2026-04-24 15:26:29,303 | INFO | [client_2] cleared round submissions
2026-04-24 15:26:29,303 | INFO | [client_3] cleared round submissions
2026-04-24 15:26:29,303 | INFO | [client_4] cleared round submissions
2026-04-24 15:26:29,303 | INFO | Gossip round state reset
2026-04-24 15:26:29,499 | INFO | [client_0] pred=3 | actual=6
2026-04-24 15:26:33,357 | INFO | [client_0] trained | loss: 0.2392
2026-04-24 15:26:33,366 | INFO | [client_1] pred=4 | actual=9
2026-04-24 15:26:36,347 | INFO | [client_1] trained | loss: 0.1826
2026-04-24 15:26:36,357 | INFO | [client_2] pred=3 | actual=3
2026-04-24 15:26:38,148 | INFO | [client_2] trained | loss: 0.0559
2026-04-24 15:26:38,164 | INFO | [client_3] pred=0 | actual=0
2026-04-24 15:26:41,285 | INFO | [client_3] trained | loss: 0.0401
2026-04-24 15:26:41,303 | INFO | [client_4] pred=1 | actual=1
2026-04-24 15:26:43,468 | INFO | [client_4] trained | loss: 0.0597
2026-04-24 15:26:43,468 | INFO | [client_0] update prepared | size=808.3 KB
2026-04-24 15:26:43,468 | INFO | [client_0] plain update prepared and inbox reset
2026-04-24 15:26:43,468 | INFO | [client_1] update prepared | size=808.3 KB
2026-04-24 15:26:43,468 | INFO | [client_1] plain update prepared and inbox reset
2026-04-24 15:26:43,468 | INFO | [client_2] update prepared | size=808.3 KB
2026-04-24 15:26:43,468 | INFO | [client_2] plain update prepared and inbox reset
2026-04-24 15:26:43,468 | INFO | [client_3] update prepared | size=808.3 KB
2026-04-24 15:26:43,468 | INFO | [client_3] plain update prepared and inbox reset
2026-04-24 15:26:43,468 | INFO | [client_4] update prepared | size=808.3 KB
2026-04-24 15:26:43,468 | INFO | [client_4] plain update prepared and inbox reset
2026-04-24 15:26:43,468 | INFO | Gossip round state reset
2026-04-24 15:26:43,468 | INFO | [gossip] spreading update from client_0
2026-04-24 15:26:43,468 | INFO | [gossip] client_0 -> client_4 hop=1 [FORWARDED]
2026-04-24 15:26:43,468 | INFO | [client_4] received gossip from client_0 | inbox_size=1
2026-04-24 15:26:43,480 | INFO | [gossip] client_4 -> client_2 hop=2 [FORWARDED]
2026-04-24 15:26:43,480 | INFO | [client_2] received gossip from client_0 | inbox_size=1
2026-04-24 15:26:43,480 | INFO | [gossip] client_2 -> client_4 hop=3 [FORWARDED]
2026-04-24 15:26:43,480 | WARNING | [client_4] duplicate gossip ignored from client_0
2026-04-24 15:26:43,481 | INFO | Gossip message from client_0 already forwarded by client_4, skipping
2026-04-24 15:26:43,481 | INFO | [gossip] client_2 -> client_1 hop=3 [FORWARDED]
2026-04-24 15:26:43,481 | INFO | [client_1] received gossip from client_0 | inbox_size=1
2026-04-24 15:26:43,481 | INFO | Max hops reached for message from client_0
2026-04-24 15:26:43,481 | INFO | [gossip] client_4 -> client_3 hop=2 [FORWARDED]
2026-04-24 15:26:43,481 | INFO | [client_3] received gossip from client_0 | inbox_size=1
2026-04-24 15:26:43,481 | INFO | [gossip] client_3 -> client_4 hop=3 [FORWARDED]
2026-04-24 15:26:43,481 | WARNING | [client_4] duplicate gossip ignored from client_0
2026-04-24 15:26:43,481 | INFO | Gossip message from client_0 already forwarded by client_4, skipping
2026-04-24 15:26:43,482 | INFO | [gossip] client_3 -> client_1 hop=3 [FORWARDED]
2026-04-24 15:26:43,482 | WARNING | [client_1] duplicate gossip ignored from client_0
2026-04-24 15:26:43,482 | INFO | Max hops reached for message from client_0
2026-04-24 15:26:43,482 | INFO | [gossip] client_0 -> client_3 hop=1 [FORWARDED]
2026-04-24 15:26:43,482 | WARNING | [client_3] duplicate gossip ignored from client_0
2026-04-24 15:26:43,482 | INFO | Gossip message from client_0 already forwarded by client_3, skipping
2026-04-24 15:26:43,483 | INFO | [gossip] spreading update from client_1
2026-04-24 15:26:43,483 | INFO | [gossip] client_1 -> client_2 hop=1 [FORWARDED]
2026-04-24 15:26:43,483 | INFO | [client_2] received gossip from client_1 | inbox_size=2
2026-04-24 15:26:43,483 | INFO | [gossip] client_2 -> client_1 hop=2 [FORWARDED]
2026-04-24 15:26:43,483 | WARNING | [client_1] ignored returned own gossip from client_1
2026-04-24 15:26:43,484 | INFO | Gossip message from client_1 already forwarded by client_1, skipping
2026-04-24 15:26:43,484 | INFO | [gossip] client_2 -> client_4 hop=2 [FORWARDED]
2026-04-24 15:26:43,484 | INFO | [client_4] received gossip from client_1 | inbox_size=2
2026-04-24 15:26:43,484 | INFO | [gossip] client_4 -> client_1 hop=3 [FORWARDED]
2026-04-24 15:26:43,484 | WARNING | [client_1] ignored returned own gossip from client_1
2026-04-24 15:26:43,484 | INFO | Gossip message from client_1 already forwarded by client_1, skipping
2026-04-24 15:26:43,485 | INFO | [gossip] client_4 -> client_0 hop=3 [FORWARDED]
2026-04-24 15:26:43,485 | INFO | [client_0] received gossip from client_1 | inbox_size=1
2026-04-24 15:26:43,485 | INFO | Max hops reached for message from client_1
2026-04-24 15:26:43,485 | INFO | [gossip] client_1 -> client_3 hop=1 [FORWARDED]
2026-04-24 15:26:43,485 | INFO | [client_3] received gossip from client_1 | inbox_size=2
2026-04-24 15:26:43,485 | INFO | [gossip] client_3 -> client_0 hop=2 [FORWARDED]
2026-04-24 15:26:43,487 | WARNING | [client_0] duplicate gossip ignored from client_1
2026-04-24 15:26:43,487 | INFO | [gossip] client_0 -> client_2 hop=3 [FORWARDED]
2026-04-24 15:26:43,487 | WARNING | [client_2] duplicate gossip ignored from client_1
2026-04-24 15:26:43,487 | INFO | Gossip message from client_1 already forwarded by client_2, skipping
2026-04-24 15:26:43,487 | INFO | [gossip] client_0 -> client_4 hop=3 [FORWARDED]
2026-04-24 15:26:43,487 | WARNING | [client_4] duplicate gossip ignored from client_1
2026-04-24 15:26:43,488 | INFO | Gossip message from client_1 already forwarded by client_4, skipping
2026-04-24 15:26:43,488 | INFO | [gossip] client_3 -> client_1 hop=2 [FORWARDED]
2026-04-24 15:26:43,488 | WARNING | [client_1] ignored returned own gossip from client_1
2026-04-24 15:26:43,488 | INFO | Gossip message from client_1 already forwarded by client_1, skipping
2026-04-24 15:26:43,488 | INFO | [gossip] spreading update from client_2
2026-04-24 15:26:43,488 | INFO | [gossip] client_2 -> client_4 hop=1 [FORWARDED]
2026-04-24 15:26:43,489 | INFO | [client_4] received gossip from client_2 | inbox_size=3
2026-04-24 15:26:43,489 | INFO | [gossip] client_4 -> client_1 hop=2 [FORWARDED]
2026-04-24 15:26:43,489 | INFO | [client_1] received gossip from client_2 | inbox_size=2
2026-04-24 15:26:43,489 | INFO | [gossip] client_1 -> client_3 hop=3 [FORWARDED]
2026-04-24 15:26:43,493 | INFO | [client_3] received gossip from client_2 | inbox_size=3
2026-04-24 15:26:43,494 | INFO | Max hops reached for message from client_2
2026-04-24 15:26:43,494 | INFO | [gossip] client_1 -> client_2 hop=3 [FORWARDED]
2026-04-24 15:26:43,494 | WARNING | [client_2] ignored returned own gossip from client_2
2026-04-24 15:26:43,494 | INFO | Gossip message from client_2 already forwarded by client_2, skipping
2026-04-24 15:26:43,495 | INFO | [gossip] client_4 -> client_3 hop=2 [FORWARDED]
2026-04-24 15:26:43,495 | WARNING | [client_3] duplicate gossip ignored from client_2
2026-04-24 15:26:43,495 | INFO | [gossip] client_3 -> client_1 hop=3 [FORWARDED]
2026-04-24 15:26:43,495 | WARNING | [client_1] duplicate gossip ignored from client_2
2026-04-24 15:26:43,495 | INFO | Gossip message from client_2 already forwarded by client_1, skipping
2026-04-24 15:26:43,496 | INFO | [gossip] client_3 -> client_4 hop=3 [FORWARDED]
2026-04-24 15:26:43,496 | WARNING | [client_4] duplicate gossip ignored from client_2
2026-04-24 15:26:43,496 | INFO | Gossip message from client_2 already forwarded by client_4, skipping
2026-04-24 15:26:43,496 | INFO | [gossip] client_2 -> client_1 hop=1 [FORWARDED]
2026-04-24 15:26:43,496 | WARNING | [client_1] duplicate gossip ignored from client_2
2026-04-24 15:26:43,497 | INFO | Gossip message from client_2 already forwarded by client_1, skipping
2026-04-24 15:26:43,497 | INFO | [gossip] spreading update from client_3
2026-04-24 15:26:43,497 | INFO | [gossip] client_3 -> client_2 hop=1 [FORWARDED]
2026-04-24 15:26:43,497 | INFO | [client_2] received gossip from client_3 | inbox_size=3
2026-04-24 15:26:43,497 | INFO | [gossip] client_2 -> client_4 hop=2 [FORWARDED]
2026-04-24 15:26:43,497 | INFO | [client_4] received gossip from client_3 | inbox_size=4
2026-04-24 15:26:43,498 | INFO | [gossip] client_4 -> client_0 hop=3 [FORWARDED]
2026-04-24 15:26:43,498 | INFO | [client_0] received gossip from client_3 | inbox_size=2
2026-04-24 15:26:43,498 | INFO | Max hops reached for message from client_3
2026-04-24 15:26:43,498 | INFO | [gossip] client_4 -> client_3 hop=3 [FORWARDED]
2026-04-24 15:26:43,498 | WARNING | [client_3] ignored returned own gossip from client_3
2026-04-24 15:26:43,498 | INFO | Gossip message from client_3 already forwarded by client_3, skipping
2026-04-24 15:26:43,499 | INFO | [gossip] client_2 -> client_0 hop=2 [FORWARDED]
2026-04-24 15:26:43,499 | WARNING | [client_0] duplicate gossip ignored from client_3
2026-04-24 15:26:43,499 | INFO | [gossip] client_0 -> client_4 hop=3 [FORWARDED]
2026-04-24 15:26:43,499 | WARNING | [client_4] duplicate gossip ignored from client_3
2026-04-24 15:26:43,499 | INFO | Gossip message from client_3 already forwarded by client_4, skipping
2026-04-24 15:26:43,499 | INFO | [gossip] client_0 -> client_3 hop=3 [FORWARDED]
2026-04-24 15:26:43,500 | WARNING | [client_3] ignored returned own gossip from client_3
2026-04-24 15:26:43,500 | INFO | Gossip message from client_3 already forwarded by client_3, skipping
2026-04-24 15:26:43,500 | INFO | [gossip] client_3 -> client_0 hop=1 [FORWARDED]
2026-04-24 15:26:43,500 | WARNING | [client_0] duplicate gossip ignored from client_3
2026-04-24 15:26:43,500 | INFO | Gossip message from client_3 already forwarded by client_0, skipping
2026-04-24 15:26:43,500 | INFO | [gossip] spreading update from client_4
2026-04-24 15:26:43,501 | INFO | [gossip] client_4 -> client_2 hop=1 [FORWARDED]
2026-04-24 15:26:43,501 | INFO | [client_2] received gossip from client_4 | inbox_size=4
2026-04-24 15:26:43,501 | INFO | [gossip] client_2 -> client_3 hop=2 [FORWARDED]
2026-04-24 15:26:43,501 | INFO | [client_3] received gossip from client_4 | inbox_size=4
2026-04-24 15:26:43,501 | INFO | [gossip] client_3 -> client_4 hop=3 [FORWARDED]
2026-04-24 15:26:43,501 | WARNING | [client_4] ignored returned own gossip from client_4
2026-04-24 15:26:43,502 | INFO | Gossip message from client_4 already forwarded by client_4, skipping
2026-04-24 15:26:43,502 | INFO | [gossip] client_3 -> client_1 hop=3 [FORWARDED]
2026-04-24 15:26:43,502 | INFO | [client_1] received gossip from client_4 | inbox_size=3
2026-04-24 15:26:43,502 | INFO | Max hops reached for message from client_4
2026-04-24 15:26:43,502 | INFO | [gossip] client_2 -> client_1 hop=2 [FORWARDED]
2026-04-24 15:26:43,502 | WARNING | [client_1] duplicate gossip ignored from client_4
2026-04-24 15:26:43,502 | INFO | [gossip] client_1 -> client_3 hop=3 [FORWARDED]
2026-04-24 15:26:43,502 | WARNING | [client_3] duplicate gossip ignored from client_4
2026-04-24 15:26:43,502 | INFO | Gossip message from client_4 already forwarded by client_3, skipping
2026-04-24 15:26:43,502 | INFO | [gossip] client_1 -> client_2 hop=3 [FORWARDED]
2026-04-24 15:26:43,502 | WARNING | [client_2] duplicate gossip ignored from client_4
2026-04-24 15:26:43,502 | INFO | Gossip message from client_4 already forwarded by client_2, skipping
2026-04-24 15:26:43,502 | INFO | [gossip] client_4 -> client_0 hop=1 [FORWARDED]
2026-04-24 15:26:43,502 | INFO | [client_0] received gossip from client_4 | inbox_size=3
2026-04-24 15:26:43,502 | INFO | [gossip] client_0 -> client_3 hop=2 [FORWARDED]
2026-04-24 15:26:43,502 | WARNING | [client_3] duplicate gossip ignored from client_4
2026-04-24 15:26:43,502 | INFO | Gossip message from client_4 already forwarded by client_3, skipping
2026-04-24 15:26:43,502 | INFO | [gossip] client_0 -> client_1 hop=2 [FORWARDED]
2026-04-24 15:26:43,502 | WARNING | [client_1] duplicate gossip ignored from client_4
2026-04-24 15:26:43,502 | INFO | Gossip message from client_4 already forwarded by client_1, skipping
2026-04-24 15:26:43,502 | INFO | client_0 submissions = 4
2026-04-24 15:26:43,502 | INFO | client_1 submissions = 4
2026-04-24 15:26:43,502 | INFO | client_2 submissions = 5
2026-04-24 15:26:43,502 | INFO | client_3 submissions = 5
2026-04-24 15:26:43,502 | INFO | client_4 submissions = 5
2026-04-24 15:26:43,502 | INFO | Selected aggregator: client_3
2026-04-24 15:26:43,502 | INFO | [client_3] aggregating complete round (5/5 submissions)
2026-04-24 15:26:43,502 | INFO | [client_3] aggregating 5 submission(s)
2026-04-24 15:26:43,516 | INFO | [client_3] local aggregation completed
2026-04-24 15:26:43,517 | INFO | Round 1 aggregated model synced to all nodes
2026-04-24 15:26:43,517 | INFO | [client_0] cleared round submissions
2026-04-24 15:26:43,517 | INFO | [client_1] cleared round submissions
2026-04-24 15:26:43,517 | INFO | [client_2] cleared round submissions
2026-04-24 15:26:43,517 | INFO | [client_3] cleared round submissions
2026-04-24 15:26:43,517 | INFO | [client_4] cleared round submissions
2026-04-24 15:26:43,517 | INFO | Gossip round state reset
2026-04-24 15:26:43,517 | INFO | ============================================================
2026-04-24 15:26:43,517 | INFO | Round 2/3
2026-04-24 15:26:43,517 | INFO | ============================================================
2026-04-24 15:26:43,521 | INFO | [client_0] cleared round submissions
2026-04-24 15:26:43,521 | INFO | [client_1] cleared round submissions
2026-04-24 15:26:43,521 | INFO | [client_2] cleared round submissions
2026-04-24 15:26:43,521 | INFO | [client_3] cleared round submissions
2026-04-24 15:26:43,521 | INFO | [client_4] cleared round submissions
2026-04-24 15:26:43,521 | INFO | Gossip round state reset
2026-04-24 15:26:43,532 | INFO | [client_0] pred=2 | actual=2
2026-04-24 15:26:47,471 | INFO | [client_0] trained | loss: 0.0416
2026-04-24 15:26:47,479 | INFO | [client_1] pred=8 | actual=9
2026-04-24 15:26:50,395 | INFO | [client_1] trained | loss: 0.0553
2026-04-24 15:26:50,408 | INFO | [client_2] pred=5 | actual=5
2026-04-24 15:26:52,168 | INFO | [client_2] trained | loss: 0.0247
2026-04-24 15:26:52,187 | INFO | [client_3] pred=0 | actual=0
2026-04-24 15:26:55,298 | INFO | [client_3] trained | loss: 0.0205
2026-04-24 15:26:55,308 | INFO | [client_4] pred=5 | actual=5
2026-04-24 15:26:57,486 | INFO | [client_4] trained | loss: 0.0380
2026-04-24 15:26:57,488 | INFO | [client_0] update prepared | size=808.3 KB
2026-04-24 15:26:57,488 | INFO | [client_0] plain update prepared and inbox reset
2026-04-24 15:26:57,488 | INFO | [client_1] update prepared | size=808.3 KB
2026-04-24 15:26:57,488 | INFO | [client_1] plain update prepared and inbox reset
2026-04-24 15:26:57,490 | INFO | [client_2] update prepared | size=808.3 KB
2026-04-24 15:26:57,490 | INFO | [client_2] plain update prepared and inbox reset
2026-04-24 15:26:57,490 | INFO | [client_3] update prepared | size=808.3 KB
2026-04-24 15:26:57,490 | INFO | [client_3] plain update prepared and inbox reset
2026-04-24 15:26:57,492 | INFO | [client_4] update prepared | size=808.3 KB
2026-04-24 15:26:57,492 | INFO | [client_4] plain update prepared and inbox reset
2026-04-24 15:26:57,492 | INFO | Gossip round state reset
2026-04-24 15:26:57,492 | INFO | [gossip] spreading update from client_0
2026-04-24 15:26:57,492 | INFO | [gossip] client_0 -> client_3 hop=1 [FORWARDED]
2026-04-24 15:26:57,492 | INFO | [client_3] received gossip from client_0 | inbox_size=1
2026-04-24 15:26:57,492 | INFO | [gossip] client_3 -> client_2 hop=2 [FORWARDED]
2026-04-24 15:26:57,494 | INFO | [client_2] received gossip from client_0 | inbox_size=1
2026-04-24 15:26:57,494 | INFO | [gossip] client_2 -> client_4 hop=3 [FORWARDED]
2026-04-24 15:26:57,494 | INFO | [client_4] received gossip from client_0 | inbox_size=1
2026-04-24 15:26:57,494 | INFO | Max hops reached for message from client_0
2026-04-24 15:26:57,494 | INFO | [gossip] client_2 -> client_0 hop=3 [FORWARDED]
2026-04-24 15:26:57,495 | WARNING | [client_0] ignored returned own gossip from client_0
2026-04-24 15:26:57,495 | INFO | Gossip message from client_0 already forwarded by client_0, skipping
2026-04-24 15:26:57,495 | INFO | [gossip] client_3 -> client_4 hop=2 [FORWARDED]
2026-04-24 15:26:57,496 | WARNING | [client_4] duplicate gossip ignored from client_0
2026-04-24 15:26:57,496 | INFO | [gossip] client_4 -> client_2 hop=3 [FORWARDED]
2026-04-24 15:26:57,496 | WARNING | [client_2] duplicate gossip ignored from client_0
2026-04-24 15:26:57,496 | INFO | Gossip message from client_0 already forwarded by client_2, skipping
2026-04-24 15:26:57,496 | INFO | [gossip] client_4 -> client_0 hop=3 [FORWARDED]
2026-04-24 15:26:57,497 | WARNING | [client_0] ignored returned own gossip from client_0
2026-04-24 15:26:57,497 | INFO | Gossip message from client_0 already forwarded by client_0, skipping
2026-04-24 15:26:57,497 | INFO | [gossip] client_0 -> client_4 hop=1 [FORWARDED]
2026-04-24 15:26:57,497 | WARNING | [client_4] duplicate gossip ignored from client_0
2026-04-24 15:26:57,497 | INFO | Gossip message from client_0 already forwarded by client_4, skipping
2026-04-24 15:26:57,497 | INFO | [gossip] spreading update from client_1
2026-04-24 15:26:57,497 | INFO | [gossip] client_1 -> client_3 hop=1 [FORWARDED]
2026-04-24 15:26:57,499 | INFO | [client_3] received gossip from client_1 | inbox_size=2
2026-04-24 15:26:57,499 | INFO | [gossip] client_3 -> client_2 hop=2 [FORWARDED]
2026-04-24 15:26:57,499 | INFO | [client_2] received gossip from client_1 | inbox_size=2
2026-04-24 15:26:57,499 | INFO | [gossip] client_2 -> client_3 hop=3 [FORWARDED]
2026-04-24 15:26:57,499 | WARNING | [client_3] duplicate gossip ignored from client_1
2026-04-24 15:26:57,500 | INFO | Gossip message from client_1 already forwarded by client_3, skipping
2026-04-24 15:26:57,500 | INFO | [gossip] client_2 -> client_4 hop=3 [FORWARDED]
2026-04-24 15:26:57,500 | INFO | [client_4] received gossip from client_1 | inbox_size=2
2026-04-24 15:26:57,500 | INFO | Max hops reached for message from client_1
2026-04-24 15:26:57,500 | INFO | [gossip] client_3 -> client_0 hop=2 [FORWARDED]
2026-04-24 15:26:57,500 | INFO | [client_0] received gossip from client_1 | inbox_size=1
2026-04-24 15:26:57,500 | INFO | [gossip] client_0 -> client_3 hop=3 [FORWARDED]
2026-04-24 15:26:57,500 | WARNING | [client_3] duplicate gossip ignored from client_1
2026-04-24 15:26:57,500 | INFO | Gossip message from client_1 already forwarded by client_3, skipping
2026-04-24 15:26:57,500 | INFO | [gossip] client_0 -> client_4 hop=3 [FORWARDED]
2026-04-24 15:26:57,501 | WARNING | [client_4] duplicate gossip ignored from client_1
2026-04-24 15:26:57,501 | INFO | Max hops reached for message from client_1
2026-04-24 15:26:57,501 | INFO | [gossip] client_1 -> client_4 hop=1 [FORWARDED]
2026-04-24 15:26:57,501 | WARNING | [client_4] duplicate gossip ignored from client_1
2026-04-24 15:26:57,501 | INFO | [gossip] client_4 -> client_3 hop=2 [FORWARDED]
2026-04-24 15:26:57,502 | WARNING | [client_3] duplicate gossip ignored from client_1
2026-04-24 15:26:57,502 | INFO | Gossip message from client_1 already forwarded by client_3, skipping
2026-04-24 15:26:57,502 | INFO | [gossip] client_4 -> client_0 hop=2 [FORWARDED]
2026-04-24 15:26:57,502 | WARNING | [client_0] duplicate gossip ignored from client_1
2026-04-24 15:26:57,502 | INFO | Gossip message from client_1 already forwarded by client_0, skipping
2026-04-24 15:26:57,503 | INFO | [gossip] spreading update from client_2
2026-04-24 15:26:57,503 | INFO | [gossip] client_2 -> client_0 hop=1 [FORWARDED]
2026-04-24 15:26:57,503 | INFO | [client_0] received gossip from client_2 | inbox_size=2
2026-04-24 15:26:57,503 | INFO | [gossip] client_0 -> client_1 hop=2 [FORWARDED]
2026-04-24 15:26:57,503 | INFO | [client_1] received gossip from client_2 | inbox_size=1
2026-04-24 15:26:57,503 | INFO | [gossip] client_1 -> client_2 hop=3 [FORWARDED]
2026-04-24 15:26:57,505 | WARNING | [client_2] ignored returned own gossip from client_2
2026-04-24 15:26:57,505 | INFO | Gossip message from client_2 already forwarded by client_2, skipping
2026-04-24 15:26:57,505 | INFO | [gossip] client_1 -> client_0 hop=3 [FORWARDED]
2026-04-24 15:26:57,505 | WARNING | [client_0] duplicate gossip ignored from client_2
2026-04-24 15:26:57,505 | INFO | Gossip message from client_2 already forwarded by client_0, skipping
2026-04-24 15:26:57,505 | INFO | [gossip] client_0 -> client_3 hop=2 [FORWARDED]
2026-04-24 15:26:57,505 | INFO | [client_3] received gossip from client_2 | inbox_size=3
2026-04-24 15:26:57,505 | INFO | [gossip] client_3 -> client_1 hop=3 [FORWARDED]
2026-04-24 15:26:57,505 | WARNING | [client_1] duplicate gossip ignored from client_2
2026-04-24 15:26:57,505 | INFO | Gossip message from client_2 already forwarded by client_1, skipping
2026-04-24 15:26:57,505 | INFO | [gossip] client_3 -> client_4 hop=3 [FORWARDED]
2026-04-24 15:26:57,505 | INFO | [client_4] received gossip from client_2 | inbox_size=3
2026-04-24 15:26:57,505 | INFO | Max hops reached for message from client_2
2026-04-24 15:26:57,505 | INFO | [gossip] client_2 -> client_4 hop=1 [FORWARDED]
2026-04-24 15:26:57,505 | WARNING | [client_4] duplicate gossip ignored from client_2
2026-04-24 15:26:57,505 | INFO | [gossip] client_4 -> client_1 hop=2 [FORWARDED]
2026-04-24 15:26:57,505 | WARNING | [client_1] duplicate gossip ignored from client_2
2026-04-24 15:26:57,505 | INFO | Gossip message from client_2 already forwarded by client_1, skipping
2026-04-24 15:26:57,505 | INFO | [gossip] client_4 -> client_3 hop=2 [FORWARDED]
2026-04-24 15:26:57,505 | WARNING | [client_3] duplicate gossip ignored from client_2
2026-04-24 15:26:57,505 | INFO | Gossip message from client_2 already forwarded by client_3, skipping
2026-04-24 15:26:57,505 | INFO | [gossip] spreading update from client_3
2026-04-24 15:26:57,505 | INFO | [gossip] client_3 -> client_2 hop=1 [FORWARDED]
2026-04-24 15:26:57,505 | INFO | [client_2] received gossip from client_3 | inbox_size=3
2026-04-24 15:26:57,505 | INFO | [gossip] client_2 -> client_4 hop=2 [FORWARDED]
2026-04-24 15:26:57,505 | INFO | [client_4] received gossip from client_3 | inbox_size=4
2026-04-24 15:26:57,505 | INFO | [gossip] client_4 -> client_3 hop=3 [FORWARDED]
2026-04-24 15:26:57,505 | WARNING | [client_3] ignored returned own gossip from client_3
2026-04-24 15:26:57,505 | INFO | Gossip message from client_3 already forwarded by client_3, skipping
2026-04-24 15:26:57,505 | INFO | [gossip] client_4 -> client_1 hop=3 [FORWARDED]
2026-04-24 15:26:57,505 | INFO | [client_1] received gossip from client_3 | inbox_size=2
2026-04-24 15:26:57,505 | INFO | Max hops reached for message from client_3
2026-04-24 15:26:57,505 | INFO | [gossip] client_2 -> client_1 hop=2 [FORWARDED]
2026-04-24 15:26:57,505 | WARNING | [client_1] duplicate gossip ignored from client_3
2026-04-24 15:26:57,505 | INFO | [gossip] client_1 -> client_2 hop=3 [FORWARDED]
2026-04-24 15:26:57,505 | WARNING | [client_2] duplicate gossip ignored from client_3
2026-04-24 15:26:57,505 | INFO | Gossip message from client_3 already forwarded by client_2, skipping
2026-04-24 15:26:57,505 | INFO | [gossip] client_1 -> client_0 hop=3 [FORWARDED]
2026-04-24 15:26:57,514 | INFO | [client_0] received gossip from client_3 | inbox_size=3
2026-04-24 15:26:57,514 | INFO | Max hops reached for message from client_3
2026-04-24 15:26:57,516 | INFO | [gossip] client_3 -> client_4 hop=1 [FORWARDED]
2026-04-24 15:26:57,516 | WARNING | [client_4] duplicate gossip ignored from client_3
2026-04-24 15:26:57,516 | INFO | Gossip message from client_3 already forwarded by client_4, skipping
2026-04-24 15:26:57,516 | INFO | [gossip] spreading update from client_4
2026-04-24 15:26:57,517 | INFO | [gossip] client_4 -> client_0 hop=1 [FORWARDED]
2026-04-24 15:26:57,517 | INFO | [client_0] received gossip from client_4 | inbox_size=4
2026-04-24 15:26:57,518 | INFO | [gossip] client_0 -> client_3 hop=2 [FORWARDED]
2026-04-24 15:26:57,518 | INFO | [client_3] received gossip from client_4 | inbox_size=4
2026-04-24 15:26:57,518 | INFO | [gossip] client_3 -> client_0 hop=3 [FORWARDED]
2026-04-24 15:26:57,518 | WARNING | [client_0] duplicate gossip ignored from client_4
2026-04-24 15:26:57,518 | INFO | Gossip message from client_4 already forwarded by client_0, skipping
2026-04-24 15:26:57,518 | INFO | [gossip] client_3 -> client_4 hop=3 [FORWARDED]
2026-04-24 15:26:57,518 | WARNING | [client_4] ignored returned own gossip from client_4
2026-04-24 15:26:57,518 | INFO | Gossip message from client_4 already forwarded by client_4, skipping
2026-04-24 15:26:57,518 | INFO | [gossip] client_0 -> client_2 hop=2 [FORWARDED]
2026-04-24 15:26:57,518 | INFO | [client_2] received gossip from client_4 | inbox_size=4
2026-04-24 15:26:57,518 | INFO | [gossip] client_2 -> client_0 hop=3 [FORWARDED]
2026-04-24 15:26:57,518 | WARNING | [client_0] duplicate gossip ignored from client_4
2026-04-24 15:26:57,521 | INFO | Gossip message from client_4 already forwarded by client_0, skipping
2026-04-24 15:26:57,521 | INFO | [gossip] client_2 -> client_1 hop=3 [FORWARDED]
2026-04-24 15:26:57,521 | INFO | [client_1] received gossip from client_4 | inbox_size=3
2026-04-24 15:26:57,521 | INFO | Max hops reached for message from client_4
2026-04-24 15:26:57,521 | INFO | [gossip] client_4 -> client_2 hop=1 [FORWARDED]
2026-04-24 15:26:57,521 | WARNING | [client_2] duplicate gossip ignored from client_4
2026-04-24 15:26:57,521 | INFO | Gossip message from client_4 already forwarded by client_2, skipping
2026-04-24 15:26:57,521 | INFO | client_0 submissions = 5
2026-04-24 15:26:57,521 | INFO | client_1 submissions = 4
2026-04-24 15:26:57,521 | INFO | client_2 submissions = 5
2026-04-24 15:26:57,521 | INFO | client_3 submissions = 5
2026-04-24 15:26:57,521 | INFO | client_4 submissions = 5
2026-04-24 15:26:57,521 | INFO | Selected aggregator: client_2
2026-04-24 15:26:57,524 | INFO | [client_2] aggregating complete round (5/5 submissions)
2026-04-24 15:26:57,524 | INFO | [client_2] aggregating 5 submission(s)
2026-04-24 15:26:57,528 | INFO | [client_2] local aggregation completed
2026-04-24 15:26:57,530 | INFO | Round 2 aggregated model synced to all nodes
2026-04-24 15:26:57,530 | INFO | [client_0] cleared round submissions
2026-04-24 15:26:57,531 | INFO | [client_1] cleared round submissions
2026-04-24 15:26:57,531 | INFO | [client_2] cleared round submissions
2026-04-24 15:26:57,531 | INFO | [client_3] cleared round submissions
2026-04-24 15:26:57,531 | INFO | [client_4] cleared round submissions
2026-04-24 15:26:57,531 | INFO | Gossip round state reset
2026-04-24 15:26:57,531 | INFO | ============================================================
2026-04-24 15:26:57,531 | INFO | Round 3/3
2026-04-24 15:26:57,531 | INFO | ============================================================
2026-04-24 15:26:57,531 | INFO | [client_0] cleared round submissions
2026-04-24 15:26:57,531 | INFO | [client_1] cleared round submissions
2026-04-24 15:26:57,531 | INFO | [client_2] cleared round submissions
2026-04-24 15:26:57,531 | INFO | [client_3] cleared round submissions
2026-04-24 15:26:57,531 | INFO | [client_4] cleared round submissions
2026-04-24 15:26:57,531 | INFO | Gossip round state reset
2026-04-24 15:26:57,543 | INFO | [client_0] pred=8 | actual=8
2026-04-24 15:27:01,548 | INFO | [client_0] trained | loss: 0.0271
2026-04-24 15:27:01,564 | INFO | [client_1] pred=0 | actual=0
2026-04-24 15:27:04,405 | INFO | [client_1] trained | loss: 0.0400
2026-04-24 15:27:04,423 | INFO | [client_2] pred=7 | actual=7
2026-04-24 15:27:06,162 | INFO | [client_2] trained | loss: 0.0178
2026-04-24 15:27:06,164 | INFO | [client_3] pred=5 | actual=6
2026-04-24 15:27:09,300 | INFO | [client_3] trained | loss: 0.0127
2026-04-24 15:27:09,316 | INFO | [client_4] pred=8 | actual=8
2026-04-24 15:27:11,513 | INFO | [client_4] trained | loss: 0.0279
2026-04-24 15:27:11,513 | INFO | [client_0] update prepared | size=808.3 KB
2026-04-24 15:27:11,513 | INFO | [client_0] plain update prepared and inbox reset
2026-04-24 15:27:11,513 | INFO | [client_1] update prepared | size=808.3 KB
2026-04-24 15:27:11,513 | INFO | [client_1] plain update prepared and inbox reset
2026-04-24 15:27:11,530 | INFO | [client_2] update prepared | size=808.3 KB
2026-04-24 15:27:11,530 | INFO | [client_2] plain update prepared and inbox reset
2026-04-24 15:27:11,530 | INFO | [client_3] update prepared | size=808.3 KB
2026-04-24 15:27:11,530 | INFO | [client_3] plain update prepared and inbox reset
2026-04-24 15:27:11,530 | INFO | [client_4] update prepared | size=808.3 KB
2026-04-24 15:27:11,530 | INFO | [client_4] plain update prepared and inbox reset
2026-04-24 15:27:11,530 | INFO | Gossip round state reset
2026-04-24 15:27:11,530 | INFO | [gossip] spreading update from client_0
2026-04-24 15:27:11,530 | INFO | [gossip] client_0 -> client_4 hop=1 [FORWARDED]
2026-04-24 15:27:11,530 | INFO | [client_4] received gossip from client_0 | inbox_size=1
2026-04-24 15:27:11,530 | INFO | [gossip] client_4 -> client_2 hop=2 [FORWARDED]
2026-04-24 15:27:11,530 | INFO | [client_2] received gossip from client_0 | inbox_size=1
2026-04-24 15:27:11,533 | INFO | [gossip] client_2 -> client_4 hop=3 [FORWARDED]
2026-04-24 15:27:11,533 | WARNING | [client_4] duplicate gossip ignored from client_0
2026-04-24 15:27:11,533 | INFO | Gossip message from client_0 already forwarded by client_4, skipping
2026-04-24 15:27:11,533 | INFO | [gossip] client_2 -> client_1 hop=3 [FORWARDED]
2026-04-24 15:27:11,533 | INFO | [client_1] received gossip from client_0 | inbox_size=1
2026-04-24 15:27:11,534 | INFO | Max hops reached for message from client_0
2026-04-24 15:27:11,534 | INFO | [gossip] client_4 -> client_1 hop=2 [FORWARDED]
2026-04-24 15:27:11,534 | WARNING | [client_1] duplicate gossip ignored from client_0
2026-04-24 15:27:11,535 | INFO | [gossip] client_1 -> client_3 hop=3 [FORWARDED]
2026-04-24 15:27:11,535 | INFO | [client_3] received gossip from client_0 | inbox_size=1
2026-04-24 15:27:11,535 | INFO | Max hops reached for message from client_0
2026-04-24 15:27:11,535 | INFO | [gossip] client_1 -> client_4 hop=3 [FORWARDED]
2026-04-24 15:27:11,535 | WARNING | [client_4] duplicate gossip ignored from client_0
2026-04-24 15:27:11,536 | INFO | Gossip message from client_0 already forwarded by client_4, skipping
2026-04-24 15:27:11,536 | INFO | [gossip] client_0 -> client_1 hop=1 [FORWARDED]
2026-04-24 15:27:11,536 | WARNING | [client_1] duplicate gossip ignored from client_0
2026-04-24 15:27:11,536 | INFO | Gossip message from client_0 already forwarded by client_1, skipping
2026-04-24 15:27:11,536 | INFO | [gossip] spreading update from client_1
2026-04-24 15:27:11,536 | INFO | [gossip] client_1 -> client_4 hop=1 [FORWARDED]
2026-04-24 15:27:11,536 | INFO | [client_4] received gossip from client_1 | inbox_size=2
2026-04-24 15:27:11,536 | INFO | [gossip] client_4 -> client_1 hop=2 [FORWARDED]
2026-04-24 15:27:11,536 | WARNING | [client_1] ignored returned own gossip from client_1
2026-04-24 15:27:11,537 | INFO | Gossip message from client_1 already forwarded by client_1, skipping
2026-04-24 15:27:11,537 | INFO | [gossip] client_4 -> client_2 hop=2 [FORWARDED]
2026-04-24 15:27:11,537 | INFO | [client_2] received gossip from client_1 | inbox_size=2
2026-04-24 15:27:11,537 | INFO | [gossip] client_2 -> client_3 hop=3 [FORWARDED]
2026-04-24 15:27:11,537 | INFO | [client_3] received gossip from client_1 | inbox_size=2
2026-04-24 15:27:11,537 | INFO | Max hops reached for message from client_1
2026-04-24 15:27:11,538 | INFO | [gossip] client_2 -> client_4 hop=3 [FORWARDED]
2026-04-24 15:27:11,538 | WARNING | [client_4] duplicate gossip ignored from client_1
2026-04-24 15:27:11,539 | INFO | Gossip message from client_1 already forwarded by client_4, skipping
2026-04-24 15:27:11,539 | INFO | [gossip] client_1 -> client_3 hop=1 [FORWARDED]
2026-04-24 15:27:11,539 | WARNING | [client_3] duplicate gossip ignored from client_1
2026-04-24 15:27:11,539 | INFO | [gossip] client_3 -> client_0 hop=2 [FORWARDED]
2026-04-24 15:27:11,539 | INFO | [client_0] received gossip from client_1 | inbox_size=1
2026-04-24 15:27:11,540 | INFO | [gossip] client_0 -> client_3 hop=3 [FORWARDED]
2026-04-24 15:27:11,540 | WARNING | [client_3] duplicate gossip ignored from client_1
2026-04-24 15:27:11,540 | INFO | Gossip message from client_1 already forwarded by client_3, skipping
2026-04-24 15:27:11,540 | INFO | [gossip] client_0 -> client_1 hop=3 [FORWARDED]
2026-04-24 15:27:11,540 | WARNING | [client_1] ignored returned own gossip from client_1
2026-04-24 15:27:11,540 | INFO | Gossip message from client_1 already forwarded by client_1, skipping
2026-04-24 15:27:11,541 | INFO | [gossip] client_3 -> client_4 hop=2 [FORWARDED]
2026-04-24 15:27:11,541 | WARNING | [client_4] duplicate gossip ignored from client_1
2026-04-24 15:27:11,541 | INFO | Gossip message from client_1 already forwarded by client_4, skipping
2026-04-24 15:27:11,541 | INFO | [gossip] spreading update from client_2
2026-04-24 15:27:11,541 | INFO | [gossip] client_2 -> client_0 hop=1 [FORWARDED]
2026-04-24 15:27:11,542 | INFO | [client_0] received gossip from client_2 | inbox_size=2
2026-04-24 15:27:11,542 | INFO | [gossip] client_0 -> client_2 hop=2 [FORWARDED]
2026-04-24 15:27:11,542 | WARNING | [client_2] ignored returned own gossip from client_2
2026-04-24 15:27:11,542 | INFO | Gossip message from client_2 already forwarded by client_2, skipping
2026-04-24 15:27:11,542 | INFO | [gossip] client_0 -> client_3 hop=2 [FORWARDED]
2026-04-24 15:27:11,542 | INFO | [client_3] received gossip from client_2 | inbox_size=3
2026-04-24 15:27:11,542 | INFO | [gossip] client_3 -> client_4 hop=3 [FORWARDED]
2026-04-24 15:27:11,542 | INFO | [client_4] received gossip from client_2 | inbox_size=3
2026-04-24 15:27:11,542 | INFO | Max hops reached for message from client_2
2026-04-24 15:27:11,542 | INFO | [gossip] client_3 -> client_2 hop=3 [FORWARDED]
2026-04-24 15:27:11,542 | WARNING | [client_2] ignored returned own gossip from client_2
2026-04-24 15:27:11,542 | INFO | Gossip message from client_2 already forwarded by client_2, skipping
2026-04-24 15:27:11,542 | INFO | [gossip] client_2 -> client_4 hop=1 [FORWARDED]
2026-04-24 15:27:11,542 | WARNING | [client_4] duplicate gossip ignored from client_2
2026-04-24 15:27:11,542 | INFO | [gossip] client_4 -> client_1 hop=2 [FORWARDED]
2026-04-24 15:27:11,542 | INFO | [client_1] received gossip from client_2 | inbox_size=2
2026-04-24 15:27:11,542 | INFO | [gossip] client_1 -> client_4 hop=3 [FORWARDED]
2026-04-24 15:27:11,542 | WARNING | [client_4] duplicate gossip ignored from client_2
2026-04-24 15:27:11,546 | INFO | Gossip message from client_2 already forwarded by client_4, skipping
2026-04-24 15:27:11,546 | INFO | [gossip] client_1 -> client_3 hop=3 [FORWARDED]
2026-04-24 15:27:11,546 | WARNING | [client_3] duplicate gossip ignored from client_2
2026-04-24 15:27:11,546 | INFO | Gossip message from client_2 already forwarded by client_3, skipping
2026-04-24 15:27:11,546 | INFO | [gossip] client_4 -> client_0 hop=2 [FORWARDED]
2026-04-24 15:27:11,546 | WARNING | [client_0] duplicate gossip ignored from client_2
2026-04-24 15:27:11,546 | INFO | Gossip message from client_2 already forwarded by client_0, skipping
2026-04-24 15:27:11,546 | INFO | [gossip] spreading update from client_3
2026-04-24 15:27:11,546 | INFO | [gossip] client_3 -> client_4 hop=1 [FORWARDED]
2026-04-24 15:27:11,546 | INFO | [client_4] received gossip from client_3 | inbox_size=4
2026-04-24 15:27:11,546 | INFO | [gossip] client_4 -> client_2 hop=2 [FORWARDED]
2026-04-24 15:27:11,546 | INFO | [client_2] received gossip from client_3 | inbox_size=3
2026-04-24 15:27:11,546 | INFO | [gossip] client_2 -> client_1 hop=3 [FORWARDED]
2026-04-24 15:27:11,546 | INFO | [client_1] received gossip from client_3 | inbox_size=3
2026-04-24 15:27:11,546 | INFO | Max hops reached for message from client_3
2026-04-24 15:27:11,546 | INFO | [gossip] client_2 -> client_0 hop=3 [FORWARDED]
2026-04-24 15:27:11,546 | INFO | [client_0] received gossip from client_3 | inbox_size=3
2026-04-24 15:27:11,546 | INFO | Max hops reached for message from client_3
2026-04-24 15:27:11,546 | INFO | [gossip] client_4 -> client_0 hop=2 [FORWARDED]
2026-04-24 15:27:11,546 | WARNING | [client_0] duplicate gossip ignored from client_3
2026-04-24 15:27:11,546 | INFO | [gossip] client_0 -> client_2 hop=3 [FORWARDED]
2026-04-24 15:27:11,546 | WARNING | [client_2] duplicate gossip ignored from client_3
2026-04-24 15:27:11,546 | INFO | Gossip message from client_3 already forwarded by client_2, skipping
2026-04-24 15:27:11,546 | INFO | [gossip] client_0 -> client_1 hop=3 [FORWARDED]
2026-04-24 15:27:11,546 | WARNING | [client_1] duplicate gossip ignored from client_3
2026-04-24 15:27:11,546 | INFO | Max hops reached for message from client_3
2026-04-24 15:27:11,546 | INFO | [gossip] client_3 -> client_2 hop=1 [FORWARDED]
2026-04-24 15:27:11,546 | WARNING | [client_2] duplicate gossip ignored from client_3
2026-04-24 15:27:11,546 | INFO | Gossip message from client_3 already forwarded by client_2, skipping
2026-04-24 15:27:11,546 | INFO | [gossip] spreading update from client_4
2026-04-24 15:27:11,546 | INFO | [gossip] client_4 -> client_2 hop=1 [FORWARDED]
2026-04-24 15:27:11,546 | INFO | [client_2] received gossip from client_4 | inbox_size=4
2026-04-24 15:27:11,553 | INFO | [gossip] client_2 -> client_0 hop=2 [FORWARDED]
2026-04-24 15:27:11,553 | INFO | [client_0] received gossip from client_4 | inbox_size=4
2026-04-24 15:27:11,553 | INFO | [gossip] client_0 -> client_3 hop=3 [FORWARDED]
2026-04-24 15:27:11,553 | INFO | [client_3] received gossip from client_4 | inbox_size=4
2026-04-24 15:27:11,553 | INFO | Max hops reached for message from client_4
2026-04-24 15:27:11,553 | INFO | [gossip] client_0 -> client_4 hop=3 [FORWARDED]
2026-04-24 15:27:11,553 | WARNING | [client_4] ignored returned own gossip from client_4
2026-04-24 15:27:11,553 | INFO | Gossip message from client_4 already forwarded by client_4, skipping
2026-04-24 15:27:11,553 | INFO | [gossip] client_2 -> client_4 hop=2 [FORWARDED]
2026-04-24 15:27:11,553 | WARNING | [client_4] ignored returned own gossip from client_4
2026-04-24 15:27:11,553 | INFO | Gossip message from client_4 already forwarded by client_4, skipping
2026-04-24 15:27:11,553 | INFO | [gossip] client_4 -> client_3 hop=1 [FORWARDED]
2026-04-24 15:27:11,553 | WARNING | [client_3] duplicate gossip ignored from client_4
2026-04-24 15:27:11,553 | INFO | [gossip] client_3 -> client_2 hop=2 [FORWARDED]
2026-04-24 15:27:11,553 | WARNING | [client_2] duplicate gossip ignored from client_4
2026-04-24 15:27:11,553 | INFO | Gossip message from client_4 already forwarded by client_2, skipping
2026-04-24 15:27:11,553 | INFO | [gossip] client_3 -> client_4 hop=2 [FORWARDED]
2026-04-24 15:27:11,553 | WARNING | [client_4] ignored returned own gossip from client_4
2026-04-24 15:27:11,553 | INFO | Gossip message from client_4 already forwarded by client_4, skipping
2026-04-24 15:27:11,553 | INFO | client_0 submissions = 5
2026-04-24 15:27:11,553 | INFO | client_1 submissions = 4
2026-04-24 15:27:11,553 | INFO | client_2 submissions = 5
2026-04-24 15:27:11,553 | INFO | client_3 submissions = 5
2026-04-24 15:27:11,553 | INFO | client_4 submissions = 5
2026-04-24 15:27:11,553 | INFO | Selected aggregator: client_3
2026-04-24 15:27:11,553 | INFO | [client_3] aggregating complete round (5/5 submissions)
2026-04-24 15:27:11,553 | INFO | [client_3] aggregating 5 submission(s)
2026-04-24 15:27:11,560 | INFO | [client_3] local aggregation completed
2026-04-24 15:27:11,560 | INFO | Round 3 aggregated model synced to all nodes
2026-04-24 15:27:11,560 | INFO | [client_0] cleared round submissions
2026-04-24 15:27:11,560 | INFO | [client_1] cleared round submissions
2026-04-24 15:27:11,560 | INFO | [client_2] cleared round submissions
2026-04-24 15:27:11,560 | INFO | [client_3] cleared round submissions
2026-04-24 15:27:11,560 | INFO | [client_4] cleared round submissions
2026-04-24 15:27:11,560 | INFO | Gossip round state reset
2026-04-24 15:27:11,560 | INFO | Total time = 42.26s
2026-04-24 15:35:21,852 | INFO | Using device: cpu
2026-04-24 15:35:21,868 | INFO | Creating 5 Dirichlet-based client partitions | dataset=ylecun/mnist alpha=0.5 partition_by=label min_partition_size=10 self_balancing=True seed=42
2026-04-24 15:35:22,498 | INFO | HTTP Request: HEAD https://huggingface.co/datasets/ylecun/mnist/resolve/main/README.md "HTTP/1.1 307 Temporary Redirect"
2026-04-24 15:35:22,498 | WARNING | Warning: You are sending unauthenticated requests to the HF Hub. Please set a HF_TOKEN to enable higher rate limits and faster downloads.
2026-04-24 15:35:22,574 | INFO | HTTP Request: HEAD https://huggingface.co/api/resolve-cache/datasets/ylecun/mnist/77f3279092a1c1579b2250db8eafed0ad422088c/README.md "HTTP/1.1 200 OK"
2026-04-24 15:35:22,871 | INFO | HTTP Request: HEAD https://huggingface.co/datasets/ylecun/mnist/resolve/77f3279092a1c1579b2250db8eafed0ad422088c/mnist.py "HTTP/1.1 404 Not Found"
2026-04-24 15:35:23,875 | INFO | HTTP Request: HEAD https://s3.amazonaws.com/datasets.huggingface.co/datasets/datasets/ylecun/mnist/ylecun/mnist.py "HTTP/1.1 404 Not Found"
2026-04-24 15:35:24,200 | INFO | HTTP Request: GET https://huggingface.co/api/datasets/ylecun/mnist/revision/77f3279092a1c1579b2250db8eafed0ad422088c "HTTP/1.1 200 OK"
2026-04-24 15:35:24,522 | INFO | HTTP Request: HEAD https://huggingface.co/datasets/ylecun/mnist/resolve/77f3279092a1c1579b2250db8eafed0ad422088c/.huggingface.yaml "HTTP/1.1 404 Not Found"
2026-04-24 15:35:25,021 | INFO | HTTP Request: GET https://datasets-server.huggingface.co/info?dataset=ylecun/mnist "HTTP/1.1 200 OK"
2026-04-24 15:35:25,319 | INFO | HTTP Request: GET https://huggingface.co/api/datasets/ylecun/mnist/tree/77f3279092a1c1579b2250db8eafed0ad422088c/mnist?recursive=true&expand=false "HTTP/1.1 200 OK"
2026-04-24 15:35:25,668 | INFO | HTTP Request: GET https://huggingface.co/api/datasets/ylecun/mnist/tree/77f3279092a1c1579b2250db8eafed0ad422088c?recursive=false&expand=false "HTTP/1.1 200 OK"
2026-04-24 15:35:25,976 | INFO | HTTP Request: HEAD https://huggingface.co/datasets/ylecun/mnist/resolve/77f3279092a1c1579b2250db8eafed0ad422088c/dataset_infos.json "HTTP/1.1 404 Not Found"
2026-04-24 15:35:33,554 | INFO | Client 0 | samples=16718 | labels=[0, 1, 2, 3, 4, 5, 6, 7, 8]
2026-04-24 15:35:37,806 | INFO | Client 1 | samples=12711 | labels=[0, 1, 2, 3, 4, 5, 6, 7, 8, 9]
2026-04-24 15:35:40,585 | INFO | Client 2 | samples=7888 | labels=[0, 1, 2, 3, 4, 5, 6, 7, 8, 9]
2026-04-24 15:35:45,662 | INFO | Client 3 | samples=13423 | labels=[0, 1, 2, 3, 4, 5, 6]
2026-04-24 15:35:49,213 | INFO | Client 4 | samples=9260 | labels=[0, 1, 2, 3, 4, 5, 6, 7, 8, 9]
2026-04-24 15:35:51,844 | INFO | Created 5 non-IID client loaders using DirichletPartitioner
2026-04-24 15:35:51,910 | INFO | SmallCNN model initialized | input_channels=1 input_size=(28, 28) conv1_channels=16 conv2_channels=32 hidden_dim=128 num_classes=10 flattened_dim=1568
2026-04-24 15:35:51,912 | INFO | [client_0] initialized | model=smallcnn learning_rate=0.001 weight_dtype=float32
2026-04-24 15:35:51,912 | INFO | [client_0] DP enabled | clip_norm=1.0 noise_std=0.01
2026-04-24 15:35:51,912 | INFO | [client_0] gossip node initialized | weight_dtype=float32 learning_rate=0.001 model=smallcnn
2026-04-24 15:35:51,914 | INFO | SmallCNN model initialized | input_channels=1 input_size=(28, 28) conv1_channels=16 conv2_channels=32 hidden_dim=128 num_classes=10 flattened_dim=1568
2026-04-24 15:35:51,915 | INFO | [client_1] initialized | model=smallcnn learning_rate=0.001 weight_dtype=float32
2026-04-24 15:35:51,915 | INFO | [client_1] DP enabled | clip_norm=1.0 noise_std=0.01
2026-04-24 15:35:51,915 | INFO | [client_1] gossip node initialized | weight_dtype=float32 learning_rate=0.001 model=smallcnn
2026-04-24 15:35:51,918 | INFO | SmallCNN model initialized | input_channels=1 input_size=(28, 28) conv1_channels=16 conv2_channels=32 hidden_dim=128 num_classes=10 flattened_dim=1568
2026-04-24 15:35:51,919 | INFO | [client_2] initialized | model=smallcnn learning_rate=0.001 weight_dtype=float32
2026-04-24 15:35:51,919 | INFO | [client_2] DP enabled | clip_norm=1.0 noise_std=0.01
2026-04-24 15:35:51,919 | INFO | [client_2] gossip node initialized | weight_dtype=float32 learning_rate=0.001 model=smallcnn
2026-04-24 15:35:51,922 | INFO | SmallCNN model initialized | input_channels=1 input_size=(28, 28) conv1_channels=16 conv2_channels=32 hidden_dim=128 num_classes=10 flattened_dim=1568
2026-04-24 15:35:51,923 | INFO | [client_3] initialized | model=smallcnn learning_rate=0.001 weight_dtype=float32
2026-04-24 15:35:51,923 | INFO | [client_3] DP enabled | clip_norm=1.0 noise_std=0.01
2026-04-24 15:35:51,923 | INFO | [client_3] gossip node initialized | weight_dtype=float32 learning_rate=0.001 model=smallcnn
2026-04-24 15:35:51,927 | INFO | SmallCNN model initialized | input_channels=1 input_size=(28, 28) conv1_channels=16 conv2_channels=32 hidden_dim=128 num_classes=10 flattened_dim=1568
2026-04-24 15:35:51,927 | INFO | [client_4] initialized | model=smallcnn learning_rate=0.001 weight_dtype=float32
2026-04-24 15:35:51,929 | INFO | [client_4] DP enabled | clip_norm=1.0 noise_std=0.01
2026-04-24 15:35:51,929 | INFO | [client_4] gossip node initialized | weight_dtype=float32 learning_rate=0.001 model=smallcnn
2026-04-24 15:35:51,933 | INFO | Initial model taken from client_2 and synced to all nodes
2026-04-24 15:35:51,933 | INFO | ============================================================
2026-04-24 15:35:51,933 | INFO | Round 1/3
2026-04-24 15:35:51,933 | INFO | ============================================================
2026-04-24 15:35:51,934 | INFO | [client_0] cleared round submissions
2026-04-24 15:35:51,934 | INFO | [client_1] cleared round submissions
2026-04-24 15:35:51,934 | INFO | [client_2] cleared round submissions
2026-04-24 15:35:51,934 | INFO | [client_3] cleared round submissions
2026-04-24 15:35:51,934 | INFO | [client_4] cleared round submissions
2026-04-24 15:35:51,934 | INFO | Gossip round state reset
2026-04-24 15:35:52,097 | INFO | [client_0] pred=1 | actual=4
2026-04-24 15:35:57,666 | INFO | [client_0] trained with DP | loss: 0.4670
2026-04-24 15:35:57,688 | INFO | [client_1] pred=4 | actual=9
2026-04-24 15:36:01,560 | INFO | [client_1] trained with DP | loss: 0.2098
2026-04-24 15:36:01,574 | INFO | [client_2] pred=9 | actual=7
2026-04-24 15:36:03,892 | INFO | [client_2] trained with DP | loss: 0.1225
2026-04-24 15:36:03,892 | INFO | [client_3] pred=4 | actual=4
2026-04-24 15:36:07,889 | INFO | [client_3] trained with DP | loss: 0.0797
2026-04-24 15:36:07,907 | INFO | [client_4] pred=3 | actual=3
2026-04-24 15:36:10,746 | INFO | [client_4] trained with DP | loss: 0.1142
2026-04-24 15:36:10,746 | INFO | [client_0] update prepared | size=808.3 KB
2026-04-24 15:36:10,746 | INFO | [client_0] plain update prepared and inbox reset
2026-04-24 15:36:10,746 | INFO | [client_1] update prepared | size=808.3 KB
2026-04-24 15:36:10,746 | INFO | [client_1] plain update prepared and inbox reset
2026-04-24 15:36:10,746 | INFO | [client_2] update prepared | size=808.3 KB
2026-04-24 15:36:10,746 | INFO | [client_2] plain update prepared and inbox reset
2026-04-24 15:36:10,746 | INFO | [client_3] update prepared | size=808.3 KB
2026-04-24 15:36:10,746 | INFO | [client_3] plain update prepared and inbox reset
2026-04-24 15:36:10,746 | INFO | [client_4] update prepared | size=808.3 KB
2026-04-24 15:36:10,746 | INFO | [client_4] plain update prepared and inbox reset
2026-04-24 15:36:10,753 | INFO | Gossip round state reset
2026-04-24 15:36:10,753 | INFO | [gossip] spreading update from client_0
2026-04-24 15:36:10,753 | INFO | [gossip] client_0 -> client_4 hop=1 [FORWARDED]
2026-04-24 15:36:10,753 | INFO | [client_4] received gossip from client_0 | inbox_size=1
2026-04-24 15:36:10,754 | INFO | [gossip] client_4 -> client_0 hop=2 [FORWARDED]
2026-04-24 15:36:10,754 | WARNING | [client_0] ignored returned own gossip from client_0
2026-04-24 15:36:10,754 | INFO | Gossip message from client_0 already forwarded by client_0, skipping
2026-04-24 15:36:10,754 | INFO | [gossip] client_4 -> client_3 hop=2 [FORWARDED]
2026-04-24 15:36:10,754 | INFO | [client_3] received gossip from client_0 | inbox_size=1
2026-04-24 15:36:10,755 | INFO | [gossip] client_3 -> client_0 hop=3 [FORWARDED]
2026-04-24 15:36:10,755 | WARNING | [client_0] ignored returned own gossip from client_0
2026-04-24 15:36:10,755 | INFO | Gossip message from client_0 already forwarded by client_0, skipping
2026-04-24 15:36:10,756 | INFO | [gossip] client_3 -> client_2 hop=3 [FORWARDED]
2026-04-24 15:36:10,756 | INFO | [client_2] received gossip from client_0 | inbox_size=1
2026-04-24 15:36:10,756 | INFO | Max hops reached for message from client_0
2026-04-24 15:36:10,756 | INFO | [gossip] client_0 -> client_1 hop=1 [FORWARDED]
2026-04-24 15:36:10,756 | INFO | [client_1] received gossip from client_0 | inbox_size=1
2026-04-24 15:36:10,757 | INFO | [gossip] client_1 -> client_3 hop=2 [FORWARDED]
2026-04-24 15:36:10,757 | WARNING | [client_3] duplicate gossip ignored from client_0
2026-04-24 15:36:10,757 | INFO | Gossip message from client_0 already forwarded by client_3, skipping
2026-04-24 15:36:10,757 | INFO | [gossip] client_1 -> client_0 hop=2 [FORWARDED]
2026-04-24 15:36:10,757 | WARNING | [client_0] ignored returned own gossip from client_0
2026-04-24 15:36:10,757 | INFO | Gossip message from client_0 already forwarded by client_0, skipping
2026-04-24 15:36:10,758 | INFO | [gossip] spreading update from client_1
2026-04-24 15:36:10,758 | INFO | [gossip] client_1 -> client_4 hop=1 [FORWARDED]
2026-04-24 15:36:10,758 | INFO | [client_4] received gossip from client_1 | inbox_size=2
2026-04-24 15:36:10,758 | INFO | [gossip] client_4 -> client_3 hop=2 [FORWARDED]
2026-04-24 15:36:10,759 | INFO | [client_3] received gossip from client_1 | inbox_size=2
2026-04-24 15:36:10,759 | INFO | [gossip] client_3 -> client_1 hop=3 [FORWARDED]
2026-04-24 15:36:10,759 | WARNING | [client_1] ignored returned own gossip from client_1
2026-04-24 15:36:10,759 | INFO | Gossip message from client_1 already forwarded by client_1, skipping
2026-04-24 15:36:10,760 | INFO | [gossip] client_3 -> client_4 hop=3 [FORWARDED]
2026-04-24 15:36:10,760 | WARNING | [client_4] duplicate gossip ignored from client_1
2026-04-24 15:36:10,760 | INFO | Gossip message from client_1 already forwarded by client_4, skipping
2026-04-24 15:36:10,760 | INFO | [gossip] client_4 -> client_1 hop=2 [FORWARDED]
2026-04-24 15:36:10,760 | WARNING | [client_1] ignored returned own gossip from client_1
2026-04-24 15:36:10,760 | INFO | Gossip message from client_1 already forwarded by client_1, skipping
2026-04-24 15:36:10,760 | INFO | [gossip] client_1 -> client_0 hop=1 [FORWARDED]
2026-04-24 15:36:10,760 | INFO | [client_0] received gossip from client_1 | inbox_size=1
2026-04-24 15:36:10,763 | INFO | [gossip] client_0 -> client_4 hop=2 [FORWARDED]
2026-04-24 15:36:10,763 | WARNING | [client_4] duplicate gossip ignored from client_1
2026-04-24 15:36:10,763 | INFO | Gossip message from client_1 already forwarded by client_4, skipping
2026-04-24 15:36:10,763 | INFO | [gossip] client_0 -> client_3 hop=2 [FORWARDED]
2026-04-24 15:36:10,763 | WARNING | [client_3] duplicate gossip ignored from client_1
2026-04-24 15:36:10,763 | INFO | Gossip message from client_1 already forwarded by client_3, skipping
2026-04-24 15:36:10,763 | INFO | [gossip] spreading update from client_2
2026-04-24 15:36:10,765 | INFO | [gossip] client_2 -> client_1 hop=1 [FORWARDED]
2026-04-24 15:36:10,765 | INFO | [client_1] received gossip from client_2 | inbox_size=2
2026-04-24 15:36:10,765 | INFO | [gossip] client_1 -> client_2 hop=2 [FORWARDED]
2026-04-24 15:36:10,765 | WARNING | [client_2] ignored returned own gossip from client_2
2026-04-24 15:36:10,765 | INFO | Gossip message from client_2 already forwarded by client_2, skipping
2026-04-24 15:36:10,765 | INFO | [gossip] client_1 -> client_0 hop=2 [FORWARDED]
2026-04-24 15:36:10,765 | INFO | [client_0] received gossip from client_2 | inbox_size=2
2026-04-24 15:36:10,765 | INFO | [gossip] client_0 -> client_1 hop=3 [FORWARDED]
2026-04-24 15:36:10,765 | WARNING | [client_1] duplicate gossip ignored from client_2
2026-04-24 15:36:10,765 | INFO | Gossip message from client_2 already forwarded by client_1, skipping
2026-04-24 15:36:10,765 | INFO | [gossip] client_0 -> client_2 hop=3 [FORWARDED]
2026-04-24 15:36:10,765 | WARNING | [client_2] ignored returned own gossip from client_2
2026-04-24 15:36:10,765 | INFO | Gossip message from client_2 already forwarded by client_2, skipping
2026-04-24 15:36:10,765 | INFO | [gossip] client_2 -> client_3 hop=1 [FORWARDED]
2026-04-24 15:36:10,765 | INFO | [client_3] received gossip from client_2 | inbox_size=3
2026-04-24 15:36:10,765 | INFO | [gossip] client_3 -> client_1 hop=2 [FORWARDED]
2026-04-24 15:36:10,765 | WARNING | [client_1] duplicate gossip ignored from client_2
2026-04-24 15:36:10,765 | INFO | Gossip message from client_2 already forwarded by client_1, skipping
2026-04-24 15:36:10,765 | INFO | [gossip] client_3 -> client_0 hop=2 [FORWARDED]
2026-04-24 15:36:10,765 | WARNING | [client_0] duplicate gossip ignored from client_2
2026-04-24 15:36:10,765 | INFO | Gossip message from client_2 already forwarded by client_0, skipping
2026-04-24 15:36:10,765 | INFO | [gossip] spreading update from client_3
2026-04-24 15:36:10,765 | INFO | [gossip] client_3 -> client_4 hop=1 [FORWARDED]
2026-04-24 15:36:10,765 | INFO | [client_4] received gossip from client_3 | inbox_size=3
2026-04-24 15:36:10,765 | INFO | [gossip] client_4 -> client_2 hop=2 [FORWARDED]
2026-04-24 15:36:10,770 | INFO | [client_2] received gossip from client_3 | inbox_size=2
2026-04-24 15:36:10,770 | INFO | [gossip] client_2 -> client_3 hop=3 [FORWARDED]
2026-04-24 15:36:10,770 | WARNING | [client_3] ignored returned own gossip from client_3
2026-04-24 15:36:10,770 | INFO | Gossip message from client_3 already forwarded by client_3, skipping
2026-04-24 15:36:10,770 | INFO | [gossip] client_2 -> client_4 hop=3 [FORWARDED]
2026-04-24 15:36:10,771 | WARNING | [client_4] duplicate gossip ignored from client_3
2026-04-24 15:36:10,771 | INFO | Gossip message from client_3 already forwarded by client_4, skipping
2026-04-24 15:36:10,771 | INFO | [gossip] client_4 -> client_3 hop=2 [FORWARDED]
2026-04-24 15:36:10,771 | WARNING | [client_3] ignored returned own gossip from client_3
2026-04-24 15:36:10,771 | INFO | Gossip message from client_3 already forwarded by client_3, skipping
2026-04-24 15:36:10,771 | INFO | [gossip] client_3 -> client_2 hop=1 [FORWARDED]
2026-04-24 15:36:10,771 | WARNING | [client_2] duplicate gossip ignored from client_3
2026-04-24 15:36:10,771 | INFO | Gossip message from client_3 already forwarded by client_2, skipping
2026-04-24 15:36:10,771 | INFO | [gossip] spreading update from client_4
2026-04-24 15:36:10,771 | INFO | [gossip] client_4 -> client_3 hop=1 [FORWARDED]
2026-04-24 15:36:10,771 | INFO | [client_3] received gossip from client_4 | inbox_size=4
2026-04-24 15:36:10,771 | INFO | [gossip] client_3 -> client_1 hop=2 [FORWARDED]
2026-04-24 15:36:10,771 | INFO | [client_1] received gossip from client_4 | inbox_size=3
2026-04-24 15:36:10,774 | INFO | [gossip] client_1 -> client_0 hop=3 [FORWARDED]
2026-04-24 15:36:10,774 | INFO | [client_0] received gossip from client_4 | inbox_size=3
2026-04-24 15:36:10,774 | INFO | Max hops reached for message from client_4
2026-04-24 15:36:10,774 | INFO | [gossip] client_1 -> client_4 hop=3 [FORWARDED]
2026-04-24 15:36:10,774 | WARNING | [client_4] ignored returned own gossip from client_4
2026-04-24 15:36:10,774 | INFO | Gossip message from client_4 already forwarded by client_4, skipping
2026-04-24 15:36:10,774 | INFO | [gossip] client_3 -> client_2 hop=2 [FORWARDED]
2026-04-24 15:36:10,774 | INFO | [client_2] received gossip from client_4 | inbox_size=3
2026-04-24 15:36:10,774 | INFO | [gossip] client_2 -> client_0 hop=3 [FORWARDED]
2026-04-24 15:36:10,774 | WARNING | [client_0] duplicate gossip ignored from client_4
2026-04-24 15:36:10,776 | INFO | Max hops reached for message from client_4
2026-04-24 15:36:10,776 | INFO | [gossip] client_2 -> client_4 hop=3 [FORWARDED]
2026-04-24 15:36:10,776 | WARNING | [client_4] ignored returned own gossip from client_4
2026-04-24 15:36:10,776 | INFO | Gossip message from client_4 already forwarded by client_4, skipping
2026-04-24 15:36:10,776 | INFO | [gossip] client_4 -> client_0 hop=1 [FORWARDED]
2026-04-24 15:36:10,776 | WARNING | [client_0] duplicate gossip ignored from client_4
2026-04-24 15:36:10,776 | INFO | [gossip] client_0 -> client_1 hop=2 [FORWARDED]
2026-04-24 15:36:10,776 | WARNING | [client_1] duplicate gossip ignored from client_4
2026-04-24 15:36:10,776 | INFO | Gossip message from client_4 already forwarded by client_1, skipping
2026-04-24 15:36:10,776 | INFO | [gossip] client_0 -> client_3 hop=2 [FORWARDED]
2026-04-24 15:36:10,776 | WARNING | [client_3] duplicate gossip ignored from client_4
2026-04-24 15:36:10,776 | INFO | Gossip message from client_4 already forwarded by client_3, skipping
2026-04-24 15:36:10,776 | INFO | client_0 submissions = 4
2026-04-24 15:36:10,776 | INFO | client_1 submissions = 4
2026-04-24 15:36:10,776 | INFO | client_2 submissions = 4
2026-04-24 15:36:10,776 | INFO | client_3 submissions = 5
2026-04-24 15:36:10,776 | INFO | client_4 submissions = 4
2026-04-24 15:36:10,776 | INFO | Selected aggregator: client_3
2026-04-24 15:36:10,776 | INFO | [client_3] aggregating complete round (5/5 submissions)
2026-04-24 15:36:10,776 | INFO | [client_3] aggregating 5 submission(s)
2026-04-24 15:36:10,788 | INFO | [client_3] local aggregation completed
2026-04-24 15:36:10,790 | INFO | Round 1 aggregated model synced to all nodes
2026-04-24 15:36:10,790 | INFO | [client_0] cleared round submissions
2026-04-24 15:36:10,790 | INFO | [client_1] cleared round submissions
2026-04-24 15:36:10,790 | INFO | [client_2] cleared round submissions
2026-04-24 15:36:10,790 | INFO | [client_3] cleared round submissions
2026-04-24 15:36:10,790 | INFO | [client_4] cleared round submissions
2026-04-24 15:36:10,790 | INFO | Gossip round state reset
2026-04-24 15:36:10,790 | INFO | ============================================================
2026-04-24 15:36:10,790 | INFO | Round 2/3
2026-04-24 15:36:10,792 | INFO | ============================================================
2026-04-24 15:36:10,792 | INFO | [client_0] cleared round submissions
2026-04-24 15:36:10,792 | INFO | [client_1] cleared round submissions
2026-04-24 15:36:10,792 | INFO | [client_2] cleared round submissions
2026-04-24 15:36:10,793 | INFO | [client_3] cleared round submissions
2026-04-24 15:36:10,793 | INFO | [client_4] cleared round submissions
2026-04-24 15:36:10,793 | INFO | Gossip round state reset
2026-04-24 15:36:10,809 | INFO | [client_0] pred=6 | actual=6
2026-04-24 15:36:15,755 | INFO | [client_0] trained with DP | loss: 0.0909
2026-04-24 15:36:15,765 | INFO | [client_1] pred=4 | actual=9
2026-04-24 15:36:19,935 | INFO | [client_1] trained with DP | loss: 0.1000
2026-04-24 15:36:19,953 | INFO | [client_2] pred=7 | actual=7
2026-04-24 15:36:22,289 | INFO | [client_2] trained with DP | loss: 0.0544
2026-04-24 15:36:22,290 | INFO | [client_3] pred=6 | actual=6
2026-04-24 15:36:26,308 | INFO | [client_3] trained with DP | loss: 0.0471
2026-04-24 15:36:26,308 | INFO | [client_4] pred=3 | actual=3
2026-04-24 15:36:29,097 | INFO | [client_4] trained with DP | loss: 0.0762
2026-04-24 15:36:29,097 | INFO | [client_0] update prepared | size=808.3 KB
2026-04-24 15:36:29,097 | INFO | [client_0] plain update prepared and inbox reset
2026-04-24 15:36:29,099 | INFO | [client_1] update prepared | size=808.3 KB
2026-04-24 15:36:29,099 | INFO | [client_1] plain update prepared and inbox reset
2026-04-24 15:36:29,099 | INFO | [client_2] update prepared | size=808.3 KB
2026-04-24 15:36:29,099 | INFO | [client_2] plain update prepared and inbox reset
2026-04-24 15:36:29,101 | INFO | [client_3] update prepared | size=808.3 KB
2026-04-24 15:36:29,101 | INFO | [client_3] plain update prepared and inbox reset
2026-04-24 15:36:29,101 | INFO | [client_4] update prepared | size=808.3 KB
2026-04-24 15:36:29,101 | INFO | [client_4] plain update prepared and inbox reset
2026-04-24 15:36:29,101 | INFO | Gossip round state reset
2026-04-24 15:36:29,103 | INFO | [gossip] spreading update from client_0
2026-04-24 15:36:29,103 | INFO | [gossip] client_0 -> client_2 hop=1 [FORWARDED]
2026-04-24 15:36:29,103 | INFO | [client_2] received gossip from client_0 | inbox_size=1
2026-04-24 15:36:29,103 | INFO | [gossip] client_2 -> client_0 hop=2 [FORWARDED]
2026-04-24 15:36:29,103 | WARNING | [client_0] ignored returned own gossip from client_0
2026-04-24 15:36:29,103 | INFO | Gossip message from client_0 already forwarded by client_0, skipping
2026-04-24 15:36:29,103 | INFO | [gossip] client_2 -> client_4 hop=2 [FORWARDED]
2026-04-24 15:36:29,104 | INFO | [client_4] received gossip from client_0 | inbox_size=1
2026-04-24 15:36:29,104 | INFO | [gossip] client_4 -> client_0 hop=3 [FORWARDED]
2026-04-24 15:36:29,104 | WARNING | [client_0] ignored returned own gossip from client_0
2026-04-24 15:36:29,104 | INFO | Gossip message from client_0 already forwarded by client_0, skipping
2026-04-24 15:36:29,104 | INFO | [gossip] client_4 -> client_1 hop=3 [FORWARDED]
2026-04-24 15:36:29,105 | INFO | [client_1] received gossip from client_0 | inbox_size=1
2026-04-24 15:36:29,105 | INFO | Max hops reached for message from client_0
2026-04-24 15:36:29,105 | INFO | [gossip] client_0 -> client_1 hop=1 [FORWARDED]
2026-04-24 15:36:29,105 | WARNING | [client_1] duplicate gossip ignored from client_0
2026-04-24 15:36:29,106 | INFO | [gossip] client_1 -> client_2 hop=2 [FORWARDED]
2026-04-24 15:36:29,106 | WARNING | [client_2] duplicate gossip ignored from client_0
2026-04-24 15:36:29,106 | INFO | Gossip message from client_0 already forwarded by client_2, skipping
2026-04-24 15:36:29,106 | INFO | [gossip] client_1 -> client_4 hop=2 [FORWARDED]
2026-04-24 15:36:29,106 | WARNING | [client_4] duplicate gossip ignored from client_0
2026-04-24 15:36:29,107 | INFO | Gossip message from client_0 already forwarded by client_4, skipping
2026-04-24 15:36:29,107 | INFO | [gossip] spreading update from client_1
2026-04-24 15:36:29,107 | INFO | [gossip] client_1 -> client_3 hop=1 [FORWARDED]
2026-04-24 15:36:29,107 | INFO | [client_3] received gossip from client_1 | inbox_size=1
2026-04-24 15:36:29,108 | INFO | [gossip] client_3 -> client_1 hop=2 [FORWARDED]
2026-04-24 15:36:29,108 | WARNING | [client_1] ignored returned own gossip from client_1
2026-04-24 15:36:29,108 | INFO | Gossip message from client_1 already forwarded by client_1, skipping
2026-04-24 15:36:29,108 | INFO | [gossip] client_3 -> client_4 hop=2 [FORWARDED]
2026-04-24 15:36:29,108 | INFO | [client_4] received gossip from client_1 | inbox_size=2
2026-04-24 15:36:29,108 | INFO | [gossip] client_4 -> client_3 hop=3 [FORWARDED]
2026-04-24 15:36:29,109 | WARNING | [client_3] duplicate gossip ignored from client_1
2026-04-24 15:36:29,109 | INFO | Gossip message from client_1 already forwarded by client_3, skipping
2026-04-24 15:36:29,109 | INFO | [gossip] client_4 -> client_1 hop=3 [FORWARDED]
2026-04-24 15:36:29,109 | WARNING | [client_1] ignored returned own gossip from client_1
2026-04-24 15:36:29,109 | INFO | Gossip message from client_1 already forwarded by client_1, skipping
2026-04-24 15:36:29,109 | INFO | [gossip] client_1 -> client_0 hop=1 [FORWARDED]
2026-04-24 15:36:29,109 | INFO | [client_0] received gossip from client_1 | inbox_size=1
2026-04-24 15:36:29,110 | INFO | [gossip] client_0 -> client_4 hop=2 [FORWARDED]
2026-04-24 15:36:29,110 | WARNING | [client_4] duplicate gossip ignored from client_1
2026-04-24 15:36:29,110 | INFO | Gossip message from client_1 already forwarded by client_4, skipping
2026-04-24 15:36:29,110 | INFO | [gossip] client_0 -> client_3 hop=2 [FORWARDED]
2026-04-24 15:36:29,110 | WARNING | [client_3] duplicate gossip ignored from client_1
2026-04-24 15:36:29,110 | INFO | Gossip message from client_1 already forwarded by client_3, skipping
2026-04-24 15:36:29,110 | INFO | [gossip] spreading update from client_2
2026-04-24 15:36:29,110 | INFO | [gossip] client_2 -> client_0 hop=1 [FORWARDED]
2026-04-24 15:36:29,110 | INFO | [client_0] received gossip from client_2 | inbox_size=2
2026-04-24 15:36:29,110 | INFO | [gossip] client_0 -> client_3 hop=2 [FORWARDED]
2026-04-24 15:36:29,110 | INFO | [client_3] received gossip from client_2 | inbox_size=2
2026-04-24 15:36:29,110 | INFO | [gossip] client_3 -> client_2 hop=3 [FORWARDED]
2026-04-24 15:36:29,110 | WARNING | [client_2] ignored returned own gossip from client_2
2026-04-24 15:36:29,110 | INFO | Gossip message from client_2 already forwarded by client_2, skipping
2026-04-24 15:36:29,110 | INFO | [gossip] client_3 -> client_1 hop=3 [FORWARDED]
2026-04-24 15:36:29,110 | INFO | [client_1] received gossip from client_2 | inbox_size=2
2026-04-24 15:36:29,110 | INFO | Max hops reached for message from client_2
2026-04-24 15:36:29,110 | INFO | [gossip] client_0 -> client_2 hop=2 [FORWARDED]
2026-04-24 15:36:29,110 | WARNING | [client_2] ignored returned own gossip from client_2
2026-04-24 15:36:29,110 | INFO | Gossip message from client_2 already forwarded by client_2, skipping
2026-04-24 15:36:29,110 | INFO | [gossip] client_2 -> client_3 hop=1 [FORWARDED]
2026-04-24 15:36:29,110 | WARNING | [client_3] duplicate gossip ignored from client_2
2026-04-24 15:36:29,110 | INFO | Gossip message from client_2 already forwarded by client_3, skipping
2026-04-24 15:36:29,110 | INFO | [gossip] spreading update from client_3
2026-04-24 15:36:29,110 | INFO | [gossip] client_3 -> client_1 hop=1 [FORWARDED]
2026-04-24 15:36:29,110 | INFO | [client_1] received gossip from client_3 | inbox_size=3
2026-04-24 15:36:29,110 | INFO | [gossip] client_1 -> client_3 hop=2 [FORWARDED]
2026-04-24 15:36:29,116 | WARNING | [client_3] ignored returned own gossip from client_3
2026-04-24 15:36:29,116 | INFO | Gossip message from client_3 already forwarded by client_3, skipping
2026-04-24 15:36:29,116 | INFO | [gossip] client_1 -> client_2 hop=2 [FORWARDED]
2026-04-24 15:36:29,116 | INFO | [client_2] received gossip from client_3 | inbox_size=2
2026-04-24 15:36:29,116 | INFO | [gossip] client_2 -> client_4 hop=3 [FORWARDED]
2026-04-24 15:36:29,116 | INFO | [client_4] received gossip from client_3 | inbox_size=3
2026-04-24 15:36:29,117 | INFO | Max hops reached for message from client_3
2026-04-24 15:36:29,117 | INFO | [gossip] client_2 -> client_1 hop=3 [FORWARDED]
2026-04-24 15:36:29,117 | WARNING | [client_1] duplicate gossip ignored from client_3
2026-04-24 15:36:29,117 | INFO | Gossip message from client_3 already forwarded by client_1, skipping
2026-04-24 15:36:29,117 | INFO | [gossip] client_3 -> client_2 hop=1 [FORWARDED]
2026-04-24 15:36:29,118 | WARNING | [client_2] duplicate gossip ignored from client_3
2026-04-24 15:36:29,118 | INFO | Gossip message from client_3 already forwarded by client_2, skipping
2026-04-24 15:36:29,118 | INFO | [gossip] spreading update from client_4
2026-04-24 15:36:29,118 | INFO | [gossip] client_4 -> client_2 hop=1 [FORWARDED]
2026-04-24 15:36:29,118 | INFO | [client_2] received gossip from client_4 | inbox_size=3
2026-04-24 15:36:29,118 | INFO | [gossip] client_2 -> client_4 hop=2 [FORWARDED]
2026-04-24 15:36:29,119 | WARNING | [client_4] ignored returned own gossip from client_4
2026-04-24 15:36:29,119 | INFO | Gossip message from client_4 already forwarded by client_4, skipping
2026-04-24 15:36:29,119 | INFO | [gossip] client_2 -> client_1 hop=2 [FORWARDED]
2026-04-24 15:36:29,119 | INFO | [client_1] received gossip from client_4 | inbox_size=4
2026-04-24 15:36:29,119 | INFO | [gossip] client_1 -> client_4 hop=3 [FORWARDED]
2026-04-24 15:36:29,119 | WARNING | [client_4] ignored returned own gossip from client_4
2026-04-24 15:36:29,120 | INFO | Gossip message from client_4 already forwarded by client_4, skipping
2026-04-24 15:36:29,120 | INFO | [gossip] client_1 -> client_0 hop=3 [FORWARDED]
2026-04-24 15:36:29,120 | INFO | [client_0] received gossip from client_4 | inbox_size=3
2026-04-24 15:36:29,120 | INFO | Max hops reached for message from client_4
2026-04-24 15:36:29,120 | INFO | [gossip] client_4 -> client_0 hop=1 [FORWARDED]
2026-04-24 15:36:29,120 | WARNING | [client_0] duplicate gossip ignored from client_4
2026-04-24 15:36:29,121 | INFO | [gossip] client_0 -> client_3 hop=2 [FORWARDED]
2026-04-24 15:36:29,121 | INFO | [client_3] received gossip from client_4 | inbox_size=3
2026-04-24 15:36:29,121 | INFO | [gossip] client_3 -> client_0 hop=3 [FORWARDED]
2026-04-24 15:36:29,121 | WARNING | [client_0] duplicate gossip ignored from client_4
2026-04-24 15:36:29,121 | INFO | Gossip message from client_4 already forwarded by client_0, skipping
2026-04-24 15:36:29,121 | INFO | [gossip] client_3 -> client_1 hop=3 [FORWARDED]
2026-04-24 15:36:29,122 | WARNING | [client_1] duplicate gossip ignored from client_4
2026-04-24 15:36:29,122 | INFO | Gossip message from client_4 already forwarded by client_1, skipping
2026-04-24 15:36:29,122 | INFO | [gossip] client_0 -> client_1 hop=2 [FORWARDED]
2026-04-24 15:36:29,122 | WARNING | [client_1] duplicate gossip ignored from client_4
2026-04-24 15:36:29,122 | INFO | Gossip message from client_4 already forwarded by client_1, skipping
2026-04-24 15:36:29,122 | INFO | client_0 submissions = 4
2026-04-24 15:36:29,123 | INFO | client_1 submissions = 5
2026-04-24 15:36:29,123 | INFO | client_2 submissions = 4
2026-04-24 15:36:29,123 | INFO | client_3 submissions = 4
2026-04-24 15:36:29,123 | INFO | client_4 submissions = 4
2026-04-24 15:36:29,123 | INFO | Selected aggregator: client_1
2026-04-24 15:36:29,123 | INFO | [client_1] aggregating complete round (5/5 submissions)
2026-04-24 15:36:29,123 | INFO | [client_1] aggregating 5 submission(s)
2026-04-24 15:36:29,132 | INFO | [client_1] local aggregation completed
2026-04-24 15:36:29,133 | INFO | Round 2 aggregated model synced to all nodes
2026-04-24 15:36:29,133 | INFO | [client_0] cleared round submissions
2026-04-24 15:36:29,134 | INFO | [client_1] cleared round submissions
2026-04-24 15:36:29,134 | INFO | [client_2] cleared round submissions
2026-04-24 15:36:29,134 | INFO | [client_3] cleared round submissions
2026-04-24 15:36:29,134 | INFO | [client_4] cleared round submissions
2026-04-24 15:36:29,135 | INFO | Gossip round state reset
2026-04-24 15:36:29,135 | INFO | ============================================================
2026-04-24 15:36:29,135 | INFO | Round 3/3
2026-04-24 15:36:29,135 | INFO | ============================================================
2026-04-24 15:36:29,135 | INFO | [client_0] cleared round submissions
2026-04-24 15:36:29,136 | INFO | [client_1] cleared round submissions
2026-04-24 15:36:29,136 | INFO | [client_2] cleared round submissions
2026-04-24 15:36:29,136 | INFO | [client_3] cleared round submissions
2026-04-24 15:36:29,136 | INFO | [client_4] cleared round submissions
2026-04-24 15:36:29,136 | INFO | Gossip round state reset
2026-04-24 15:36:29,152 | INFO | [client_0] pred=8 | actual=8
2026-04-24 15:36:34,167 | INFO | [client_0] trained with DP | loss: 0.0623
2026-04-24 15:36:34,167 | INFO | [client_1] pred=0 | actual=0
2026-04-24 15:36:37,934 | INFO | [client_1] trained with DP | loss: 0.0800
2026-04-24 15:36:37,946 | INFO | [client_2] pred=7 | actual=7
2026-04-24 15:36:40,345 | INFO | [client_2] trained with DP | loss: 0.0410
2026-04-24 15:36:40,369 | INFO | [client_3] pred=4 | actual=4
2026-04-24 15:36:44,300 | INFO | [client_3] trained with DP | loss: 0.0357
2026-04-24 15:36:44,311 | INFO | [client_4] pred=3 | actual=3
2026-04-24 15:36:47,212 | INFO | [client_4] trained with DP | loss: 0.0615
2026-04-24 15:36:47,214 | INFO | [client_0] update prepared | size=808.3 KB
2026-04-24 15:36:47,214 | INFO | [client_0] plain update prepared and inbox reset
2026-04-24 15:36:47,214 | INFO | [client_1] update prepared | size=808.3 KB
2026-04-24 15:36:47,214 | INFO | [client_1] plain update prepared and inbox reset
2026-04-24 15:36:47,216 | INFO | [client_2] update prepared | size=808.3 KB
2026-04-24 15:36:47,216 | INFO | [client_2] plain update prepared and inbox reset
2026-04-24 15:36:47,216 | INFO | [client_3] update prepared | size=808.3 KB
2026-04-24 15:36:47,216 | INFO | [client_3] plain update prepared and inbox reset
2026-04-24 15:36:47,216 | INFO | [client_4] update prepared | size=808.3 KB
2026-04-24 15:36:47,216 | INFO | [client_4] plain update prepared and inbox reset
2026-04-24 15:36:47,216 | INFO | Gossip round state reset
2026-04-24 15:36:47,216 | INFO | [gossip] spreading update from client_0
2026-04-24 15:36:47,216 | INFO | [gossip] client_0 -> client_4 hop=1 [FORWARDED]
2026-04-24 15:36:47,216 | INFO | [client_4] received gossip from client_0 | inbox_size=1
2026-04-24 15:36:47,216 | INFO | [gossip] client_4 -> client_2 hop=2 [FORWARDED]
2026-04-24 15:36:47,216 | INFO | [client_2] received gossip from client_0 | inbox_size=1
2026-04-24 15:36:47,216 | INFO | [gossip] client_2 -> client_3 hop=3 [FORWARDED]
2026-04-24 15:36:47,220 | INFO | [client_3] received gossip from client_0 | inbox_size=1
2026-04-24 15:36:47,220 | INFO | Max hops reached for message from client_0
2026-04-24 15:36:47,220 | INFO | [gossip] client_2 -> client_1 hop=3 [FORWARDED]
2026-04-24 15:36:47,220 | INFO | [client_1] received gossip from client_0 | inbox_size=1
2026-04-24 15:36:47,220 | INFO | Max hops reached for message from client_0
2026-04-24 15:36:47,220 | INFO | [gossip] client_4 -> client_0 hop=2 [FORWARDED]
2026-04-24 15:36:47,220 | WARNING | [client_0] ignored returned own gossip from client_0
2026-04-24 15:36:47,221 | INFO | Gossip message from client_0 already forwarded by client_0, skipping
2026-04-24 15:36:47,221 | INFO | [gossip] client_0 -> client_1 hop=1 [FORWARDED]
2026-04-24 15:36:47,221 | WARNING | [client_1] duplicate gossip ignored from client_0
2026-04-24 15:36:47,221 | INFO | [gossip] client_1 -> client_0 hop=2 [FORWARDED]
2026-04-24 15:36:47,222 | WARNING | [client_0] ignored returned own gossip from client_0
2026-04-24 15:36:47,222 | INFO | Gossip message from client_0 already forwarded by client_0, skipping
2026-04-24 15:36:47,222 | INFO | [gossip] client_1 -> client_3 hop=2 [FORWARDED]
2026-04-24 15:36:47,224 | WARNING | [client_3] duplicate gossip ignored from client_0
2026-04-24 15:36:47,224 | INFO | [gossip] client_3 -> client_4 hop=3 [FORWARDED]
2026-04-24 15:36:47,225 | WARNING | [client_4] duplicate gossip ignored from client_0
2026-04-24 15:36:47,225 | INFO | Gossip message from client_0 already forwarded by client_4, skipping
2026-04-24 15:36:47,225 | INFO | [gossip] client_3 -> client_0 hop=3 [FORWARDED]
2026-04-24 15:36:47,225 | WARNING | [client_0] ignored returned own gossip from client_0
2026-04-24 15:36:47,225 | INFO | Gossip message from client_0 already forwarded by client_0, skipping
2026-04-24 15:36:47,225 | INFO | [gossip] spreading update from client_1
2026-04-24 15:36:47,225 | INFO | [gossip] client_1 -> client_4 hop=1 [FORWARDED]
2026-04-24 15:36:47,225 | INFO | [client_4] received gossip from client_1 | inbox_size=2
2026-04-24 15:36:47,226 | INFO | [gossip] client_4 -> client_1 hop=2 [FORWARDED]
2026-04-24 15:36:47,226 | WARNING | [client_1] ignored returned own gossip from client_1
2026-04-24 15:36:47,226 | INFO | Gossip message from client_1 already forwarded by client_1, skipping
2026-04-24 15:36:47,226 | INFO | [gossip] client_4 -> client_0 hop=2 [FORWARDED]
2026-04-24 15:36:47,226 | INFO | [client_0] received gossip from client_1 | inbox_size=1
2026-04-24 15:36:47,227 | INFO | [gossip] client_0 -> client_4 hop=3 [FORWARDED]
2026-04-24 15:36:47,227 | WARNING | [client_4] duplicate gossip ignored from client_1
2026-04-24 15:36:47,227 | INFO | Gossip message from client_1 already forwarded by client_4, skipping
2026-04-24 15:36:47,227 | INFO | [gossip] client_0 -> client_3 hop=3 [FORWARDED]
2026-04-24 15:36:47,228 | INFO | [client_3] received gossip from client_1 | inbox_size=2
2026-04-24 15:36:47,228 | INFO | Max hops reached for message from client_1
2026-04-24 15:36:47,228 | INFO | [gossip] client_1 -> client_3 hop=1 [FORWARDED]
2026-04-24 15:36:47,232 | WARNING | [client_3] duplicate gossip ignored from client_1
2026-04-24 15:36:47,232 | INFO | [gossip] client_3 -> client_1 hop=2 [FORWARDED]
2026-04-24 15:36:47,232 | WARNING | [client_1] ignored returned own gossip from client_1
2026-04-24 15:36:47,232 | INFO | Gossip message from client_1 already forwarded by client_1, skipping
2026-04-24 15:36:47,232 | INFO | [gossip] client_3 -> client_0 hop=2 [FORWARDED]
2026-04-24 15:36:47,232 | WARNING | [client_0] duplicate gossip ignored from client_1
2026-04-24 15:36:47,232 | INFO | Gossip message from client_1 already forwarded by client_0, skipping
2026-04-24 15:36:47,232 | INFO | [gossip] spreading update from client_2
2026-04-24 15:36:47,232 | INFO | [gossip] client_2 -> client_3 hop=1 [FORWARDED]
2026-04-24 15:36:47,232 | INFO | [client_3] received gossip from client_2 | inbox_size=3
2026-04-24 15:36:47,232 | INFO | [gossip] client_3 -> client_1 hop=2 [FORWARDED]
2026-04-24 15:36:47,232 | INFO | [client_1] received gossip from client_2 | inbox_size=2
2026-04-24 15:36:47,232 | INFO | [gossip] client_1 -> client_4 hop=3 [FORWARDED]
2026-04-24 15:36:47,232 | INFO | [client_4] received gossip from client_2 | inbox_size=3
2026-04-24 15:36:47,232 | INFO | Max hops reached for message from client_2
2026-04-24 15:36:47,232 | INFO | [gossip] client_1 -> client_2 hop=3 [FORWARDED]
2026-04-24 15:36:47,232 | WARNING | [client_2] ignored returned own gossip from client_2
2026-04-24 15:36:47,232 | INFO | Gossip message from client_2 already forwarded by client_2, skipping
2026-04-24 15:36:47,232 | INFO | [gossip] client_3 -> client_4 hop=2 [FORWARDED]
2026-04-24 15:36:47,232 | WARNING | [client_4] duplicate gossip ignored from client_2
2026-04-24 15:36:47,232 | INFO | [gossip] client_4 -> client_3 hop=3 [FORWARDED]
2026-04-24 15:36:47,232 | WARNING | [client_3] duplicate gossip ignored from client_2
2026-04-24 15:36:47,232 | INFO | Gossip message from client_2 already forwarded by client_3, skipping
2026-04-24 15:36:47,232 | INFO | [gossip] client_4 -> client_0 hop=3 [FORWARDED]
2026-04-24 15:36:47,232 | INFO | [client_0] received gossip from client_2 | inbox_size=2
2026-04-24 15:36:47,232 | INFO | Max hops reached for message from client_2
2026-04-24 15:36:47,232 | INFO | [gossip] client_2 -> client_1 hop=1 [FORWARDED]
2026-04-24 15:36:47,232 | WARNING | [client_1] duplicate gossip ignored from client_2
2026-04-24 15:36:47,232 | INFO | Gossip message from client_2 already forwarded by client_1, skipping
2026-04-24 15:36:47,232 | INFO | [gossip] spreading update from client_3
2026-04-24 15:36:47,232 | INFO | [gossip] client_3 -> client_1 hop=1 [FORWARDED]
2026-04-24 15:36:47,239 | INFO | [client_1] received gossip from client_3 | inbox_size=3
2026-04-24 15:36:47,239 | INFO | [gossip] client_1 -> client_2 hop=2 [FORWARDED]
2026-04-24 15:36:47,239 | INFO | [client_2] received gossip from client_3 | inbox_size=2
2026-04-24 15:36:47,239 | INFO | [gossip] client_2 -> client_0 hop=3 [FORWARDED]
2026-04-24 15:36:47,239 | INFO | [client_0] received gossip from client_3 | inbox_size=3
2026-04-24 15:36:47,239 | INFO | Max hops reached for message from client_3
2026-04-24 15:36:47,239 | INFO | [gossip] client_2 -> client_1 hop=3 [FORWARDED]
2026-04-24 15:36:47,240 | WARNING | [client_1] duplicate gossip ignored from client_3
2026-04-24 15:36:47,240 | INFO | Gossip message from client_3 already forwarded by client_1, skipping
2026-04-24 15:36:47,240 | INFO | [gossip] client_1 -> client_0 hop=2 [FORWARDED]
2026-04-24 15:36:47,240 | WARNING | [client_0] duplicate gossip ignored from client_3
2026-04-24 15:36:47,240 | INFO | [gossip] client_0 -> client_1 hop=3 [FORWARDED]
2026-04-24 15:36:47,240 | WARNING | [client_1] duplicate gossip ignored from client_3
2026-04-24 15:36:47,240 | INFO | Gossip message from client_3 already forwarded by client_1, skipping
2026-04-24 15:36:47,240 | INFO | [gossip] client_0 -> client_3 hop=3 [FORWARDED]
2026-04-24 15:36:47,240 | WARNING | [client_3] ignored returned own gossip from client_3
2026-04-24 15:36:47,240 | INFO | Gossip message from client_3 already forwarded by client_3, skipping
2026-04-24 15:36:47,240 | INFO | [gossip] client_3 -> client_2 hop=1 [FORWARDED]
2026-04-24 15:36:47,240 | WARNING | [client_2] duplicate gossip ignored from client_3
2026-04-24 15:36:47,240 | INFO | Gossip message from client_3 already forwarded by client_2, skipping
2026-04-24 15:36:47,240 | INFO | [gossip] spreading update from client_4
2026-04-24 15:36:47,240 | INFO | [gossip] client_4 -> client_1 hop=1 [FORWARDED]
2026-04-24 15:36:47,240 | INFO | [client_1] received gossip from client_4 | inbox_size=4
2026-04-24 15:36:47,240 | INFO | [gossip] client_1 -> client_0 hop=2 [FORWARDED]
2026-04-24 15:36:47,240 | INFO | [client_0] received gossip from client_4 | inbox_size=4
2026-04-24 15:36:47,240 | INFO | [gossip] client_0 -> client_1 hop=3 [FORWARDED]
2026-04-24 15:36:47,240 | WARNING | [client_1] duplicate gossip ignored from client_4
2026-04-24 15:36:47,240 | INFO | Gossip message from client_4 already forwarded by client_1, skipping
2026-04-24 15:36:47,240 | INFO | [gossip] client_0 -> client_4 hop=3 [FORWARDED]
2026-04-24 15:36:47,240 | WARNING | [client_4] ignored returned own gossip from client_4
2026-04-24 15:36:47,240 | INFO | Gossip message from client_4 already forwarded by client_4, skipping
2026-04-24 15:36:47,240 | INFO | [gossip] client_1 -> client_3 hop=2 [FORWARDED]
2026-04-24 15:36:47,240 | INFO | [client_3] received gossip from client_4 | inbox_size=4
2026-04-24 15:36:47,240 | INFO | [gossip] client_3 -> client_4 hop=3 [FORWARDED]
2026-04-24 15:36:47,246 | WARNING | [client_4] ignored returned own gossip from client_4
2026-04-24 15:36:47,246 | INFO | Gossip message from client_4 already forwarded by client_4, skipping
2026-04-24 15:36:47,246 | INFO | [gossip] client_3 -> client_0 hop=3 [FORWARDED]
2026-04-24 15:36:47,246 | WARNING | [client_0] duplicate gossip ignored from client_4
2026-04-24 15:36:47,246 | INFO | Gossip message from client_4 already forwarded by client_0, skipping
2026-04-24 15:36:47,246 | INFO | [gossip] client_4 -> client_2 hop=1 [FORWARDED]
2026-04-24 15:36:47,246 | INFO | [client_2] received gossip from client_4 | inbox_size=3
2026-04-24 15:36:47,246 | INFO | [gossip] client_2 -> client_1 hop=2 [FORWARDED]
2026-04-24 15:36:47,246 | WARNING | [client_1] duplicate gossip ignored from client_4
2026-04-24 15:36:47,246 | INFO | Gossip message from client_4 already forwarded by client_1, skipping
2026-04-24 15:36:47,246 | INFO | [gossip] client_2 -> client_3 hop=2 [FORWARDED]
2026-04-24 15:36:47,246 | WARNING | [client_3] duplicate gossip ignored from client_4
2026-04-24 15:36:47,246 | INFO | Gossip message from client_4 already forwarded by client_3, skipping
2026-04-24 15:36:47,246 | INFO | client_0 submissions = 5
2026-04-24 15:36:47,246 | INFO | client_1 submissions = 5
2026-04-24 15:36:47,246 | INFO | client_2 submissions = 4
2026-04-24 15:36:47,246 | INFO | client_3 submissions = 5
2026-04-24 15:36:47,246 | INFO | client_4 submissions = 4
2026-04-24 15:36:47,246 | INFO | Selected aggregator: client_0
2026-04-24 15:36:47,250 | INFO | [client_0] aggregating complete round (5/5 submissions)
2026-04-24 15:36:47,250 | INFO | [client_0] aggregating 5 submission(s)
2026-04-24 15:36:47,254 | INFO | [client_0] local aggregation completed
2026-04-24 15:36:47,282 | INFO | Round 3 aggregated model synced to all nodes
2026-04-24 15:36:47,288 | INFO | [client_0] cleared round submissions
2026-04-24 15:36:47,295 | INFO | [client_1] cleared round submissions
2026-04-24 15:36:47,307 | INFO | [client_2] cleared round submissions
2026-04-24 15:36:47,307 | INFO | [client_3] cleared round submissions
2026-04-24 15:36:47,307 | INFO | [client_4] cleared round submissions
2026-04-24 15:36:47,307 | INFO | Gossip round state reset
2026-04-24 15:36:47,307 | INFO | Total time = 55.37s
